<?xml version="1.0" encoding="UTF-8"?>
<coverage generated="1786065777961" clover="3.2.0">
  <project timestamp="1786065777961" name="All files">
    <metrics statements="572" coveredstatements="434" conditionals="156" coveredconditionals="147" methods="15" coveredmethods="14" elements="743" coveredelements="595" complexity="0" loc="572" ncloc="572" packages="2" files="3" classes="3"/>
    <package name="routes">
      <metrics statements="194" coveredstatements="56" conditionals="18" coveredconditionals="15" methods="2" coveredmethods="1"/>
      <file name="conversations.ts" path="/Volumes/Ext2TB/Projects/explainer-worktrees/20260806-215541-39495/test-onda1-backend-coverage/backend/src/routes/conversations.ts">
        <metrics statements="194" coveredstatements="56" conditionals="18" coveredconditionals="15" methods="2" coveredmethods="1"/>
        <line num="1" count="1" type="stmt"/>
        <line num="2" count="1" type="stmt"/>
        <line num="3" count="1" type="stmt"/>
        <line num="11" count="1" type="stmt"/>
        <line num="12" count="1" type="stmt"/>
        <line num="15" count="1" type="stmt"/>
        <line num="17" count="18" type="cond" truecount="1" falsecount="0"/>
        <line num="18" count="18" type="cond" truecount="1" falsecount="0"/>
        <line num="19" count="1" type="stmt"/>
        <line num="20" count="1" type="stmt"/>
        <line num="21" count="1" type="stmt"/>
        <line num="22" count="1" type="stmt"/>
        <line num="23" count="18" type="stmt"/>
        <line num="28" count="0" type="stmt"/>
        <line num="29" count="0" type="stmt"/>
        <line num="30" count="0" type="stmt"/>
        <line num="31" count="0" type="stmt"/>
        <line num="32" count="0" type="stmt"/>
        <line num="33" count="0" type="stmt"/>
        <line num="35" count="0" type="stmt"/>
        <line num="36" count="0" type="stmt"/>
        <line num="40" count="0" type="stmt"/>
        <line num="41" count="0" type="stmt"/>
        <line num="42" count="0" type="stmt"/>
        <line num="43" count="0" type="stmt"/>
        <line num="44" count="0" type="stmt"/>
        <line num="45" count="0" type="stmt"/>
        <line num="46" count="0" type="stmt"/>
        <line num="47" count="0" type="stmt"/>
        <line num="48" count="0" type="stmt"/>
        <line num="50" count="0" type="stmt"/>
        <line num="51" count="0" type="stmt"/>
        <line num="52" count="0" type="stmt"/>
        <line num="53" count="0" type="stmt"/>
        <line num="54" count="0" type="stmt"/>
        <line num="55" count="0" type="stmt"/>
        <line num="56" count="0" type="stmt"/>
        <line num="57" count="0" type="stmt"/>
        <line num="59" count="0" type="stmt"/>
        <line num="60" count="0" type="stmt"/>
        <line num="61" count="0" type="stmt"/>
        <line num="62" count="0" type="stmt"/>
        <line num="63" count="0" type="stmt"/>
        <line num="64" count="0" type="stmt"/>
        <line num="65" count="0" type="stmt"/>
        <line num="66" count="0" type="stmt"/>
        <line num="67" count="0" type="stmt"/>
        <line num="68" count="0" type="stmt"/>
        <line num="69" count="0" type="stmt"/>
        <line num="71" count="0" type="stmt"/>
        <line num="72" count="0" type="stmt"/>
        <line num="73" count="0" type="stmt"/>
        <line num="74" count="0" type="stmt"/>
        <line num="76" count="0" type="stmt"/>
        <line num="77" count="0" type="stmt"/>
        <line num="80" count="1" type="stmt"/>
        <line num="81" count="0" type="stmt"/>
        <line num="82" count="0" type="stmt"/>
        <line num="83" count="0" type="stmt"/>
        <line num="84" count="0" type="stmt"/>
        <line num="85" count="0" type="stmt"/>
        <line num="86" count="0" type="stmt"/>
        <line num="87" count="0" type="stmt"/>
        <line num="90" count="1" type="stmt"/>
        <line num="91" count="0" type="stmt"/>
        <line num="92" count="0" type="stmt"/>
        <line num="93" count="0" type="stmt"/>
        <line num="94" count="0" type="stmt"/>
        <line num="95" count="0" type="stmt"/>
        <line num="96" count="0" type="stmt"/>
        <line num="97" count="0" type="stmt"/>
        <line num="98" count="0" type="stmt"/>
        <line num="99" count="0" type="stmt"/>
        <line num="100" count="0" type="stmt"/>
        <line num="101" count="0" type="stmt"/>
        <line num="102" count="0" type="stmt"/>
        <line num="103" count="0" type="stmt"/>
        <line num="106" count="1" type="cond" truecount="1" falsecount="0"/>
        <line num="107" count="1" type="stmt"/>
        <line num="108" count="1" type="stmt"/>
        <line num="109" count="1" type="stmt"/>
        <line num="110" count="1" type="cond" truecount="0" falsecount="1"/>
        <line num="111" count="0" type="stmt"/>
        <line num="112" count="0" type="stmt"/>
        <line num="113" count="0" type="stmt"/>
        <line num="114" count="0" type="stmt"/>
        <line num="115" count="1" type="stmt"/>
        <line num="116" count="1" type="cond" truecount="0" falsecount="1"/>
        <line num="117" count="0" type="stmt"/>
        <line num="118" count="0" type="stmt"/>
        <line num="119" count="1" type="stmt"/>
        <line num="122" count="1" type="stmt"/>
        <line num="123" count="0" type="stmt"/>
        <line num="124" count="0" type="stmt"/>
        <line num="125" count="0" type="stmt"/>
        <line num="126" count="0" type="stmt"/>
        <line num="127" count="0" type="stmt"/>
        <line num="128" count="0" type="stmt"/>
        <line num="129" count="0" type="stmt"/>
        <line num="130" count="0" type="stmt"/>
        <line num="131" count="0" type="stmt"/>
        <line num="132" count="0" type="stmt"/>
        <line num="133" count="0" type="stmt"/>
        <line num="142" count="1" type="stmt"/>
        <line num="143" count="0" type="stmt"/>
        <line num="144" count="0" type="stmt"/>
        <line num="146" count="0" type="stmt"/>
        <line num="147" count="0" type="stmt"/>
        <line num="148" count="0" type="stmt"/>
        <line num="149" count="0" type="stmt"/>
        <line num="150" count="0" type="stmt"/>
        <line num="151" count="0" type="stmt"/>
        <line num="152" count="0" type="stmt"/>
        <line num="153" count="0" type="stmt"/>
        <line num="154" count="0" type="stmt"/>
        <line num="155" count="0" type="stmt"/>
        <line num="156" count="0" type="stmt"/>
        <line num="157" count="0" type="stmt"/>
        <line num="159" count="0" type="stmt"/>
        <line num="160" count="0" type="stmt"/>
        <line num="161" count="0" type="stmt"/>
        <line num="162" count="0" type="stmt"/>
        <line num="163" count="0" type="stmt"/>
        <line num="164" count="0" type="stmt"/>
        <line num="165" count="0" type="stmt"/>
        <line num="166" count="0" type="stmt"/>
        <line num="167" count="0" type="stmt"/>
        <line num="168" count="0" type="stmt"/>
        <line num="169" count="0" type="stmt"/>
        <line num="170" count="0" type="stmt"/>
        <line num="171" count="0" type="stmt"/>
        <line num="172" count="0" type="stmt"/>
        <line num="173" count="0" type="stmt"/>
        <line num="174" count="0" type="stmt"/>
        <line num="176" count="0" type="stmt"/>
        <line num="177" count="0" type="stmt"/>
        <line num="178" count="0" type="stmt"/>
        <line num="179" count="0" type="stmt"/>
        <line num="180" count="0" type="stmt"/>
        <line num="181" count="0" type="stmt"/>
        <line num="188" count="1" type="cond" truecount="1" falsecount="0"/>
        <line num="189" count="17" type="stmt"/>
        <line num="190" count="17" type="stmt"/>
        <line num="191" count="17" type="cond" truecount="1" falsecount="0"/>
        <line num="192" count="17" type="cond" truecount="1" falsecount="0"/>
        <line num="193" count="1" type="stmt"/>
        <line num="194" count="1" type="stmt"/>
        <line num="195" count="1" type="stmt"/>
        <line num="196" count="1" type="cond" truecount="1" falsecount="0"/>
        <line num="198" count="17" type="cond" truecount="0" falsecount="1"/>
        <line num="201" count="17" type="stmt"/>
        <line num="202" count="17" type="cond" truecount="1" falsecount="0"/>
        <line num="203" count="5" type="cond" truecount="1" falsecount="0"/>
        <line num="204" count="5" type="cond" truecount="1" falsecount="0"/>
        <line num="206" count="15" type="stmt"/>
        <line num="209" count="15" type="stmt"/>
        <line num="210" count="17" type="cond" truecount="1" falsecount="0"/>
        <line num="211" count="7" type="stmt"/>
        <line num="212" count="7" type="cond" truecount="2" falsecount="0"/>
        <line num="213" count="5" type="stmt"/>
        <line num="214" count="5" type="stmt"/>
        <line num="215" count="7" type="cond" truecount="1" falsecount="0"/>
        <line num="217" count="15" type="stmt"/>
        <line num="218" count="17" type="cond" truecount="1" falsecount="0"/>
        <line num="219" count="2" type="stmt"/>
        <line num="220" count="2" type="stmt"/>
        <line num="221" count="17" type="stmt"/>
        <line num="224" count="1" type="stmt"/>
        <line num="225" count="0" type="stmt"/>
        <line num="226" count="0" type="stmt"/>
        <line num="227" count="0" type="stmt"/>
        <line num="228" count="0" type="stmt"/>
        <line num="229" count="0" type="stmt"/>
        <line num="230" count="0" type="stmt"/>
        <line num="231" count="0" type="stmt"/>
        <line num="238" count="1" type="stmt"/>
        <line num="239" count="0" type="stmt"/>
        <line num="240" count="0" type="stmt"/>
        <line num="241" count="0" type="stmt"/>
        <line num="242" count="0" type="stmt"/>
        <line num="243" count="0" type="stmt"/>
        <line num="244" count="0" type="stmt"/>
        <line num="245" count="0" type="stmt"/>
        <line num="246" count="0" type="stmt"/>
        <line num="249" count="1" type="stmt"/>
        <line num="250" count="0" type="stmt"/>
        <line num="251" count="0" type="stmt"/>
        <line num="252" count="0" type="stmt"/>
        <line num="253" count="0" type="stmt"/>
        <line num="254" count="0" type="stmt"/>
        <line num="255" count="0" type="stmt"/>
        <line num="256" count="0" type="stmt"/>
        <line num="257" count="0" type="stmt"/>
        <line num="259" count="1" type="stmt"/>
      </file>
    </package>
    <package name="services">
      <metrics statements="378" coveredstatements="378" conditionals="138" coveredconditionals="132" methods="13" coveredmethods="13"/>
      <file name="deepseek.ts" path="/Volumes/Ext2TB/Projects/explainer-worktrees/20260806-215541-39495/test-onda1-backend-coverage/backend/src/services/deepseek.ts">
        <metrics statements="293" coveredstatements="293" conditionals="103" coveredconditionals="97" methods="9" coveredmethods="9"/>
        <line num="23" count="1" type="stmt"/>
        <line num="24" count="1" type="stmt"/>
        <line num="26" count="1" type="stmt"/>
        <line num="27" count="1" type="stmt"/>
        <line num="28" count="1" type="stmt"/>
        <line num="29" count="1" type="stmt"/>
        <line num="30" count="1" type="stmt"/>
        <line num="31" count="1" type="stmt"/>
        <line num="33" count="1" type="cond" truecount="1" falsecount="0"/>
        <line num="34" count="36" type="cond" truecount="1" falsecount="0"/>
        <line num="35" count="36" type="stmt"/>
        <line num="36" count="36" type="stmt"/>
        <line num="37" count="36" type="stmt"/>
        <line num="38" count="36" type="stmt"/>
        <line num="39" count="36" type="stmt"/>
        <line num="40" count="36" type="stmt"/>
        <line num="41" count="36" type="stmt"/>
        <line num="43" count="54" type="cond" truecount="1" falsecount="0"/>
        <line num="44" count="54" type="stmt"/>
        <line num="45" count="54" type="cond" truecount="1" falsecount="0"/>
        <line num="46" count="6" type="stmt"/>
        <line num="47" count="6" type="cond" truecount="1" falsecount="0"/>
        <line num="48" count="48" type="stmt"/>
        <line num="49" count="48" type="stmt"/>
        <line num="64" count="41" type="cond" truecount="1" falsecount="0"/>
        <line num="65" count="41" type="stmt"/>
        <line num="66" count="41" type="stmt"/>
        <line num="67" count="41" type="stmt"/>
        <line num="68" count="41" type="stmt"/>
        <line num="69" count="41" type="stmt"/>
        <line num="70" count="41" type="stmt"/>
        <line num="72" count="41" type="stmt"/>
        <line num="73" count="41" type="stmt"/>
        <line num="74" count="41" type="stmt"/>
        <line num="75" count="41" type="stmt"/>
        <line num="76" count="41" type="stmt"/>
        <line num="77" count="41" type="stmt"/>
        <line num="78" count="41" type="stmt"/>
        <line num="79" count="41" type="stmt"/>
        <line num="80" count="41" type="stmt"/>
        <line num="81" count="41" type="cond" truecount="1" falsecount="0"/>
        <line num="83" count="25" type="stmt"/>
        <line num="84" count="41" type="cond" truecount="1" falsecount="0"/>
        <line num="85" count="9" type="stmt"/>
        <line num="86" count="9" type="stmt"/>
        <line num="87" count="9" type="stmt"/>
        <line num="88" count="9" type="cond" truecount="2" falsecount="0"/>
        <line num="89" count="9" type="cond" truecount="1" falsecount="0"/>
        <line num="91" count="2" type="stmt"/>
        <line num="92" count="9" type="stmt"/>
        <line num="93" count="9" type="cond" truecount="1" falsecount="0"/>
        <line num="95" count="16" type="stmt"/>
        <line num="96" count="41" type="cond" truecount="1" falsecount="0"/>
        <line num="97" count="25" type="cond" truecount="2" falsecount="0"/>
        <line num="98" count="25" type="cond" truecount="1" falsecount="0"/>
        <line num="99" count="4" type="stmt"/>
        <line num="100" count="4" type="stmt"/>
        <line num="101" count="4" type="stmt"/>
        <line num="102" count="4" type="stmt"/>
        <line num="103" count="4" type="cond" truecount="1" falsecount="0"/>
        <line num="104" count="6" type="stmt"/>
        <line num="105" count="6" type="stmt"/>
        <line num="106" count="25" type="cond" truecount="0" falsecount="1"/>
        <line num="107" count="25" type="stmt"/>
        <line num="108" count="41" type="cond" truecount="0" falsecount="1"/>
        <line num="109" count="41" type="stmt"/>
        <line num="110" count="41" type="stmt"/>
        <line num="111" count="41" type="stmt"/>
        <line num="117" count="29" type="cond" truecount="1" falsecount="0"/>
        <line num="118" count="29" type="stmt"/>
        <line num="119" count="29" type="stmt"/>
        <line num="120" count="29" type="stmt"/>
        <line num="121" count="29" type="cond" truecount="1" falsecount="0"/>
        <line num="122" count="41" type="stmt"/>
        <line num="123" count="41" type="stmt"/>
        <line num="124" count="41" type="cond" truecount="1" falsecount="0"/>
        <line num="125" count="25" type="cond" truecount="2" falsecount="0"/>
        <line num="126" count="25" type="cond" truecount="2" falsecount="0"/>
        <line num="128" count="12" type="cond" truecount="1" falsecount="0"/>
        <line num="129" count="12" type="stmt"/>
        <line num="130" count="12" type="cond" truecount="1" falsecount="0"/>
        <line num="131" count="3" type="stmt"/>
        <line num="132" count="3" type="stmt"/>
        <line num="133" count="41" type="cond" truecount="1" falsecount="0"/>
        <line num="135" count="12" type="stmt"/>
        <line num="136" count="12" type="stmt"/>
        <line num="142" count="14" type="cond" truecount="1" falsecount="0"/>
        <line num="143" count="14" type="stmt"/>
        <line num="144" count="14" type="stmt"/>
        <line num="145" count="14" type="stmt"/>
        <line num="146" count="14" type="stmt"/>
        <line num="147" count="14" type="stmt"/>
        <line num="148" count="14" type="cond" truecount="2" falsecount="0"/>
        <line num="150" count="3" type="stmt"/>
        <line num="151" count="3" type="stmt"/>
        <line num="152" count="3" type="stmt"/>
        <line num="153" count="3" type="stmt"/>
        <line num="156" count="3" type="stmt"/>
        <line num="157" count="3" type="stmt"/>
        <line num="158" count="3" type="stmt"/>
        <line num="159" count="3" type="stmt"/>
        <line num="160" count="3" type="stmt"/>
        <line num="161" count="3" type="stmt"/>
        <line num="162" count="3" type="stmt"/>
        <line num="163" count="3" type="stmt"/>
        <line num="164" count="3" type="cond" truecount="1" falsecount="0"/>
        <line num="165" count="1" type="stmt"/>
        <line num="166" count="1" type="stmt"/>
        <line num="167" count="1" type="cond" truecount="0" falsecount="1"/>
        <line num="168" count="1" type="stmt"/>
        <line num="169" count="3" type="stmt"/>
        <line num="170" count="3" type="stmt"/>
        <line num="190" count="16" type="cond" truecount="1" falsecount="0"/>
        <line num="191" count="16" type="stmt"/>
        <line num="192" count="16" type="stmt"/>
        <line num="193" count="16" type="stmt"/>
        <line num="194" count="16" type="cond" truecount="2" falsecount="0"/>
        <line num="195" count="16" type="cond" truecount="2" falsecount="0"/>
        <line num="196" count="16" type="stmt"/>
        <line num="198" count="16" type="stmt"/>
        <line num="199" count="16" type="stmt"/>
        <line num="200" count="16" type="stmt"/>
        <line num="201" count="16" type="stmt"/>
        <line num="202" count="16" type="cond" truecount="1" falsecount="0"/>
        <line num="203" count="16" type="stmt"/>
        <line num="205" count="16" type="cond" truecount="1" falsecount="0"/>
        <line num="206" count="24" type="stmt"/>
        <line num="207" count="16" type="cond" truecount="1" falsecount="0"/>
        <line num="209" count="7" type="stmt"/>
        <line num="210" count="16" type="cond" truecount="1" falsecount="0"/>
        <line num="211" count="1" type="stmt"/>
        <line num="212" count="1" type="cond" truecount="1" falsecount="0"/>
        <line num="214" count="6" type="stmt"/>
        <line num="215" count="16" type="cond" truecount="1" falsecount="0"/>
        <line num="216" count="16" type="stmt"/>
        <line num="217" count="16" type="stmt"/>
        <line num="218" count="16" type="stmt"/>
        <line num="219" count="16" type="stmt"/>
        <line num="221" count="16" type="stmt"/>
        <line num="222" count="16" type="stmt"/>
        <line num="223" count="16" type="stmt"/>
        <line num="224" count="16" type="stmt"/>
        <line num="225" count="16" type="stmt"/>
        <line num="226" count="16" type="stmt"/>
        <line num="227" count="16" type="stmt"/>
        <line num="228" count="16" type="stmt"/>
        <line num="246" count="13" type="cond" truecount="1" falsecount="0"/>
        <line num="247" count="13" type="stmt"/>
        <line num="248" count="13" type="stmt"/>
        <line num="249" count="13" type="stmt"/>
        <line num="250" count="13" type="cond" truecount="2" falsecount="0"/>
        <line num="251" count="13" type="cond" truecount="2" falsecount="0"/>
        <line num="252" count="13" type="stmt"/>
        <line num="254" count="13" type="stmt"/>
        <line num="255" count="13" type="stmt"/>
        <line num="256" count="13" type="stmt"/>
        <line num="257" count="13" type="stmt"/>
        <line num="258" count="13" type="cond" truecount="1" falsecount="0"/>
        <line num="259" count="13" type="stmt"/>
        <line num="260" count="13" type="stmt"/>
        <line num="264" count="13" type="stmt"/>
        <line num="265" count="13" type="stmt"/>
        <line num="267" count="13" type="stmt"/>
        <line num="268" count="13" type="stmt"/>
        <line num="269" count="13" type="stmt"/>
        <line num="270" count="13" type="stmt"/>
        <line num="271" count="13" type="stmt"/>
        <line num="272" count="13" type="stmt"/>
        <line num="273" count="13" type="stmt"/>
        <line num="274" count="13" type="stmt"/>
        <line num="275" count="13" type="stmt"/>
        <line num="276" count="13" type="stmt"/>
        <line num="277" count="13" type="cond" truecount="1" falsecount="0"/>
        <line num="278" count="13" type="cond" truecount="1" falsecount="0"/>
        <line num="279" count="3" type="stmt"/>
        <line num="280" count="3" type="cond" truecount="1" falsecount="0"/>
        <line num="281" count="1" type="stmt"/>
        <line num="282" count="1" type="stmt"/>
        <line num="283" count="1" type="stmt"/>
        <line num="284" count="1" type="stmt"/>
        <line num="285" count="1" type="cond" truecount="1" falsecount="0"/>
        <line num="286" count="2" type="stmt"/>
        <line num="287" count="2" type="stmt"/>
        <line num="288" count="3" type="cond" truecount="0" falsecount="1"/>
        <line num="289" count="3" type="stmt"/>
        <line num="290" count="3" type="cond" truecount="1" falsecount="0"/>
        <line num="292" count="13" type="cond" truecount="1" falsecount="0"/>
        <line num="293" count="2" type="stmt"/>
        <line num="294" count="2" type="stmt"/>
        <line num="295" count="2" type="stmt"/>
        <line num="296" count="2" type="stmt"/>
        <line num="297" count="2" type="stmt"/>
        <line num="298" count="2" type="cond" truecount="2" falsecount="0"/>
        <line num="299" count="2" type="cond" truecount="1" falsecount="0"/>
        <line num="301" count="1" type="stmt"/>
        <line num="302" count="2" type="stmt"/>
        <line num="303" count="2" type="cond" truecount="1" falsecount="0"/>
        <line num="305" count="13" type="cond" truecount="1" falsecount="0"/>
        <line num="306" count="1" type="stmt"/>
        <line num="307" count="1" type="stmt"/>
        <line num="308" count="1" type="cond" truecount="1" falsecount="0"/>
        <line num="310" count="7" type="stmt"/>
        <line num="311" count="7" type="stmt"/>
        <line num="312" count="7" type="stmt"/>
        <line num="315" count="7" type="stmt"/>
        <line num="316" count="7" type="stmt"/>
        <line num="317" count="7" type="stmt"/>
        <line num="319" count="7" type="stmt"/>
        <line num="320" count="13" type="cond" truecount="1" falsecount="0"/>
        <line num="321" count="19" type="stmt"/>
        <line num="322" count="19" type="cond" truecount="2" falsecount="0"/>
        <line num="324" count="18" type="stmt"/>
        <line num="325" count="18" type="stmt"/>
        <line num="327" count="19" type="cond" truecount="0" falsecount="1"/>
        <line num="329" count="19" type="cond" truecount="1" falsecount="0"/>
        <line num="330" count="28" type="stmt"/>
        <line num="331" count="28" type="cond" truecount="3" falsecount="0"/>
        <line num="333" count="16" type="stmt"/>
        <line num="334" count="28" type="cond" truecount="1" falsecount="0"/>
        <line num="335" count="6" type="stmt"/>
        <line num="336" count="6" type="stmt"/>
        <line num="337" count="6" type="cond" truecount="1" falsecount="0"/>
        <line num="339" count="10" type="stmt"/>
        <line num="340" count="10" type="stmt"/>
        <line num="341" count="10" type="stmt"/>
        <line num="342" count="28" type="cond" truecount="1" falsecount="0"/>
        <line num="344" count="1" type="stmt"/>
        <line num="345" count="1" type="cond" truecount="1" falsecount="0"/>
        <line num="348" count="9" type="stmt"/>
        <line num="351" count="28" type="cond" truecount="3" falsecount="0"/>
        <line num="352" count="28" type="cond" truecount="3" falsecount="0"/>
        <line num="354" count="9" type="stmt"/>
        <line num="355" count="9" type="cond" truecount="1" falsecount="0"/>
        <line num="357" count="18" type="cond" truecount="1" falsecount="0"/>
        <line num="358" count="19" type="stmt"/>
        <line num="359" count="13" type="cond" truecount="1" falsecount="0"/>
        <line num="360" count="7" type="stmt"/>
        <line num="361" count="7" type="stmt"/>
        <line num="362" count="7" type="stmt"/>
        <line num="365" count="13" type="cond" truecount="2" falsecount="0"/>
        <line num="366" count="2" type="stmt"/>
        <line num="367" count="2" type="stmt"/>
        <line num="368" count="2" type="stmt"/>
        <line num="369" count="2" type="stmt"/>
        <line num="370" count="2" type="stmt"/>
        <line num="371" count="2" type="stmt"/>
        <line num="372" count="2" type="stmt"/>
        <line num="373" count="2" type="stmt"/>
        <line num="374" count="2" type="stmt"/>
        <line num="375" count="2" type="cond" truecount="1" falsecount="0"/>
        <line num="376" count="1" type="stmt"/>
        <line num="377" count="1" type="stmt"/>
        <line num="378" count="1" type="cond" truecount="0" falsecount="1"/>
        <line num="379" count="1" type="stmt"/>
        <line num="380" count="2" type="stmt"/>
        <line num="381" count="2" type="stmt"/>
        <line num="382" count="13" type="stmt"/>
        <line num="402" count="13" type="cond" truecount="1" falsecount="0"/>
        <line num="403" count="13" type="stmt"/>
        <line num="404" count="13" type="stmt"/>
        <line num="405" count="13" type="stmt"/>
        <line num="406" count="13" type="stmt"/>
        <line num="407" count="13" type="cond" truecount="2" falsecount="0"/>
        <line num="408" count="13" type="cond" truecount="2" falsecount="0"/>
        <line num="409" count="13" type="stmt"/>
        <line num="411" count="13" type="stmt"/>
        <line num="412" count="13" type="stmt"/>
        <line num="413" count="13" type="stmt"/>
        <line num="414" count="13" type="stmt"/>
        <line num="415" count="13" type="cond" truecount="1" falsecount="0"/>
        <line num="416" count="13" type="cond" truecount="3" falsecount="0"/>
        <line num="417" count="13" type="stmt"/>
        <line num="419" count="13" type="cond" truecount="1" falsecount="0"/>
        <line num="420" count="17" type="stmt"/>
        <line num="421" count="13" type="cond" truecount="1" falsecount="0"/>
        <line num="423" count="9" type="stmt"/>
        <line num="424" count="13" type="cond" truecount="1" falsecount="0"/>
        <line num="425" count="1" type="stmt"/>
        <line num="426" count="1" type="cond" truecount="1" falsecount="0"/>
        <line num="428" count="8" type="stmt"/>
        <line num="429" count="13" type="cond" truecount="1" falsecount="0"/>
        <line num="430" count="13" type="stmt"/>
        <line num="431" count="13" type="stmt"/>
        <line num="432" count="13" type="stmt"/>
        <line num="433" count="13" type="stmt"/>
        <line num="435" count="13" type="stmt"/>
        <line num="436" count="13" type="stmt"/>
        <line num="437" count="13" type="stmt"/>
        <line num="438" count="13" type="stmt"/>
        <line num="439" count="13" type="stmt"/>
        <line num="440" count="13" type="stmt"/>
        <line num="441" count="13" type="stmt"/>
        <line num="442" count="13" type="stmt"/>
      </file>
      <file name="pricing.ts" path="/Volumes/Ext2TB/Projects/explainer-worktrees/20260806-215541-39495/test-onda1-backend-coverage/backend/src/services/pricing.ts">
        <metrics statements="85" coveredstatements="85" conditionals="35" coveredconditionals="35" methods="4" coveredmethods="4"/>
        <line num="23" count="1" type="stmt"/>
        <line num="24" count="1" type="stmt"/>
        <line num="25" count="1" type="stmt"/>
        <line num="26" count="1" type="stmt"/>
        <line num="27" count="1" type="stmt"/>
        <line num="28" count="1" type="stmt"/>
        <line num="29" count="1" type="stmt"/>
        <line num="30" count="1" type="stmt"/>
        <line num="31" count="1" type="stmt"/>
        <line num="32" count="1" type="stmt"/>
        <line num="33" count="1" type="stmt"/>
        <line num="34" count="1" type="stmt"/>
        <line num="35" count="1" type="stmt"/>
        <line num="36" count="1" type="stmt"/>
        <line num="37" count="1" type="stmt"/>
        <line num="38" count="1" type="stmt"/>
        <line num="39" count="1" type="stmt"/>
        <line num="40" count="1" type="stmt"/>
        <line num="41" count="1" type="stmt"/>
        <line num="42" count="1" type="stmt"/>
        <line num="43" count="1" type="stmt"/>
        <line num="44" count="1" type="stmt"/>
        <line num="45" count="1" type="stmt"/>
        <line num="46" count="1" type="stmt"/>
        <line num="47" count="1" type="stmt"/>
        <line num="48" count="1" type="stmt"/>
        <line num="51" count="1" type="stmt"/>
        <line num="54" count="1" type="cond" truecount="1" falsecount="0"/>
        <line num="55" count="34" type="cond" truecount="3" falsecount="0"/>
        <line num="56" count="5" type="stmt"/>
        <line num="57" count="25" type="cond" truecount="1" falsecount="0"/>
        <line num="58" count="34" type="stmt"/>
        <line num="94" count="1" type="cond" truecount="1" falsecount="0"/>
        <line num="104" count="1" type="cond" truecount="1" falsecount="0"/>
        <line num="105" count="10" type="stmt"/>
        <line num="106" count="10" type="stmt"/>
        <line num="107" count="10" type="stmt"/>
        <line num="108" count="10" type="stmt"/>
        <line num="109" count="10" type="cond" truecount="1" falsecount="0"/>
        <line num="110" count="10" type="cond" truecount="1" falsecount="0"/>
        <line num="111" count="10" type="cond" truecount="1" falsecount="0"/>
        <line num="113" count="10" type="cond" truecount="1" falsecount="0"/>
        <line num="114" count="10" type="stmt"/>
        <line num="115" count="10" type="cond" truecount="1" falsecount="0"/>
        <line num="117" count="10" type="cond" truecount="1" falsecount="0"/>
        <line num="118" count="10" type="cond" truecount="1" falsecount="0"/>
        <line num="119" count="10" type="cond" truecount="1" falsecount="0"/>
        <line num="121" count="10" type="stmt"/>
        <line num="122" count="10" type="stmt"/>
        <line num="123" count="10" type="cond" truecount="1" falsecount="0"/>
        <line num="124" count="10" type="cond" truecount="1" falsecount="0"/>
        <line num="125" count="10" type="cond" truecount="2" falsecount="0"/>
        <line num="126" count="10" type="cond" truecount="1" falsecount="0"/>
        <line num="127" count="10" type="stmt"/>
        <line num="129" count="10" type="cond" truecount="2" falsecount="0"/>
        <line num="131" count="9" type="stmt"/>
        <line num="132" count="9" type="stmt"/>
        <line num="133" count="9" type="stmt"/>
        <line num="134" count="10" type="cond" truecount="1" falsecount="0"/>
        <line num="135" count="10" type="cond" truecount="1" falsecount="0"/>
        <line num="136" count="8" type="stmt"/>
        <line num="137" count="8" type="stmt"/>
        <line num="138" count="8" type="cond" truecount="2" falsecount="0"/>
        <line num="139" count="1" type="stmt"/>
        <line num="140" count="10" type="cond" truecount="1" falsecount="0"/>
        <line num="141" count="7" type="stmt"/>
        <line num="142" count="7" type="cond" truecount="1" falsecount="0"/>
        <line num="143" count="2" type="stmt"/>
        <line num="145" count="10" type="stmt"/>
        <line num="146" count="10" type="stmt"/>
        <line num="158" count="1" type="cond" truecount="1" falsecount="0"/>
        <line num="159" count="16" type="stmt"/>
        <line num="160" count="16" type="cond" truecount="2" falsecount="0"/>
        <line num="162" count="16" type="cond" truecount="2" falsecount="0"/>
        <line num="163" count="16" type="cond" truecount="1" falsecount="0"/>
        <line num="165" count="16" type="stmt"/>
        <line num="166" count="16" type="stmt"/>
        <line num="167" count="16" type="stmt"/>
        <line num="168" count="16" type="cond" truecount="1" falsecount="0"/>
        <line num="170" count="16" type="stmt"/>
        <line num="180" count="1" type="stmt"/>
        <line num="181" count="1" type="stmt"/>
        <line num="182" count="1" type="stmt"/>
        <line num="183" count="1" type="stmt"/>
        <line num="186" count="1" type="stmt"/>
      </file>
    </package>
  </project>
</coverage>
