{"/Volumes/Ext2TB/Projects/explainer-worktrees/20260806-215541-39495/test-onda1-backend-coverage/backend/src/routes/conversations.ts": {"path":"/Volumes/Ext2TB/Projects/explainer-worktrees/20260806-215541-39495/test-onda1-backend-coverage/backend/src/routes/conversations.ts","all":false,"statementMap":{"0":{"start":{"line":1,"column":0},"end":{"line":1,"column":33}},"1":{"start":{"line":2,"column":0},"end":{"line":2,"column":36}},"2":{"start":{"line":3,"column":0},"end":{"line":3,"column":8}},"10":{"start":{"line":11,"column":0},"end":{"line":11,"column":75}},"11":{"start":{"line":12,"column":0},"end":{"line":12,"column":50}},"14":{"start":{"line":15,"column":0},"end":{"line":15,"column":24}},"16":{"start":{"line":17,"column":0},"end":{"line":17,"column":41}},"17":{"start":{"line":18,"column":0},"end":{"line":18,"column":20}},"18":{"start":{"line":19,"column":0},"end":{"line":19,"column":90}},"19":{"start":{"line":20,"column":0},"end":{"line":20,"column":21}},"20":{"start":{"line":21,"column":0},"end":{"line":21,"column":14}},"21":{"start":{"line":22,"column":0},"end":{"line":22,"column":3}},"22":{"start":{"line":23,"column":0},"end":{"line":23,"column":1}},"27":{"start":{"line":28,"column":0},"end":{"line":28,"column":68}},"28":{"start":{"line":29,"column":0},"end":{"line":29,"column":73}},"29":{"start":{"line":30,"column":0},"end":{"line":30,"column":94}},"30":{"start":{"line":31,"column":0},"end":{"line":31,"column":21}},"31":{"start":{"line":32,"column":0},"end":{"line":32,"column":14}},"32":{"start":{"line":33,"column":0},"end":{"line":33,"column":3}},"34":{"start":{"line":35,"column":0},"end":{"line":35,"column":49}},"35":{"start":{"line":36,"column":0},"end":{"line":36,"column":42}},"39":{"start":{"line":40,"column":0},"end":{"line":40,"column":54}},"40":{"start":{"line":41,"column":0},"end":{"line":41,"column":24}},"41":{"start":{"line":42,"column":0},"end":{"line":42,"column":28}},"42":{"start":{"line":43,"column":0},"end":{"line":43,"column":79}},"43":{"start":{"line":44,"column":0},"end":{"line":44,"column":38}},"44":{"start":{"line":45,"column":0},"end":{"line":45,"column":23}},"45":{"start":{"line":46,"column":0},"end":{"line":46,"column":16}},"46":{"start":{"line":47,"column":0},"end":{"line":47,"column":5}},"47":{"start":{"line":48,"column":0},"end":{"line":48,"column":3}},"49":{"start":{"line":50,"column":0},"end":{"line":50,"column":35}},"50":{"start":{"line":51,"column":0},"end":{"line":51,"column":79}},"51":{"start":{"line":52,"column":0},"end":{"line":52,"column":96}},"52":{"start":{"line":53,"column":0},"end":{"line":53,"column":23}},"53":{"start":{"line":54,"column":0},"end":{"line":54,"column":16}},"54":{"start":{"line":55,"column":0},"end":{"line":55,"column":5}},"55":{"start":{"line":56,"column":0},"end":{"line":56,"column":31}},"56":{"start":{"line":57,"column":0},"end":{"line":57,"column":3}},"58":{"start":{"line":59,"column":0},"end":{"line":59,"column":38}},"59":{"start":{"line":60,"column":0},"end":{"line":60,"column":8}},"60":{"start":{"line":61,"column":0},"end":{"line":61,"column":33}},"61":{"start":{"line":62,"column":0},"end":{"line":62,"column":44}},"62":{"start":{"line":63,"column":0},"end":{"line":63,"column":36}},"63":{"start":{"line":64,"column":0},"end":{"line":64,"column":7}},"64":{"start":{"line":65,"column":0},"end":{"line":65,"column":90}},"65":{"start":{"line":66,"column":0},"end":{"line":66,"column":23}},"66":{"start":{"line":67,"column":0},"end":{"line":67,"column":16}},"67":{"start":{"line":68,"column":0},"end":{"line":68,"column":5}},"68":{"start":{"line":69,"column":0},"end":{"line":69,"column":69}},"70":{"start":{"line":71,"column":0},"end":{"line":71,"column":24}},"71":{"start":{"line":72,"column":0},"end":{"line":72,"column":33}},"72":{"start":{"line":73,"column":0},"end":{"line":73,"column":26}},"73":{"start":{"line":74,"column":0},"end":{"line":74,"column":3}},"75":{"start":{"line":76,"column":0},"end":{"line":76,"column":15}},"76":{"start":{"line":77,"column":0},"end":{"line":77,"column":1}},"79":{"start":{"line":80,"column":0},"end":{"line":80,"column":44}},"80":{"start":{"line":81,"column":0},"end":{"line":81,"column":7}},"81":{"start":{"line":82,"column":0},"end":{"line":82,"column":52}},"82":{"start":{"line":83,"column":0},"end":{"line":83,"column":28}},"83":{"start":{"line":84,"column":0},"end":{"line":84,"column":17}},"84":{"start":{"line":85,"column":0},"end":{"line":85,"column":14}},"85":{"start":{"line":86,"column":0},"end":{"line":86,"column":3}},"86":{"start":{"line":87,"column":0},"end":{"line":87,"column":3}},"89":{"start":{"line":90,"column":0},"end":{"line":90,"column":44}},"90":{"start":{"line":91,"column":0},"end":{"line":91,"column":7}},"91":{"start":{"line":92,"column":0},"end":{"line":92,"column":31}},"92":{"start":{"line":93,"column":0},"end":{"line":93,"column":46}},"93":{"start":{"line":94,"column":0},"end":{"line":94,"column":94}},"94":{"start":{"line":95,"column":0},"end":{"line":95,"column":23}},"95":{"start":{"line":96,"column":0},"end":{"line":96,"column":16}},"96":{"start":{"line":97,"column":0},"end":{"line":97,"column":5}},"97":{"start":{"line":98,"column":0},"end":{"line":98,"column":57}},"98":{"start":{"line":99,"column":0},"end":{"line":99,"column":39}},"99":{"start":{"line":100,"column":0},"end":{"line":100,"column":17}},"100":{"start":{"line":101,"column":0},"end":{"line":101,"column":14}},"101":{"start":{"line":102,"column":0},"end":{"line":102,"column":3}},"102":{"start":{"line":103,"column":0},"end":{"line":103,"column":3}},"105":{"start":{"line":106,"column":0},"end":{"line":106,"column":46}},"106":{"start":{"line":107,"column":0},"end":{"line":107,"column":7}},"107":{"start":{"line":108,"column":0},"end":{"line":108,"column":33}},"108":{"start":{"line":109,"column":0},"end":{"line":109,"column":63}},"109":{"start":{"line":110,"column":0},"end":{"line":110,"column":24}},"110":{"start":{"line":111,"column":0},"end":{"line":111,"column":84}},"111":{"start":{"line":112,"column":0},"end":{"line":112,"column":23}},"112":{"start":{"line":113,"column":0},"end":{"line":113,"column":16}},"113":{"start":{"line":114,"column":0},"end":{"line":114,"column":5}},"114":{"start":{"line":115,"column":0},"end":{"line":115,"column":27}},"115":{"start":{"line":116,"column":0},"end":{"line":116,"column":17}},"116":{"start":{"line":117,"column":0},"end":{"line":117,"column":14}},"117":{"start":{"line":118,"column":0},"end":{"line":118,"column":3}},"118":{"start":{"line":119,"column":0},"end":{"line":119,"column":3}},"121":{"start":{"line":122,"column":0},"end":{"line":122,"column":48}},"122":{"start":{"line":123,"column":0},"end":{"line":123,"column":7}},"123":{"start":{"line":124,"column":0},"end":{"line":124,"column":33}},"124":{"start":{"line":125,"column":0},"end":{"line":125,"column":50}},"125":{"start":{"line":126,"column":0},"end":{"line":126,"column":21}},"126":{"start":{"line":127,"column":0},"end":{"line":127,"column":36}},"127":{"start":{"line":128,"column":0},"end":{"line":128,"column":6}},"128":{"start":{"line":129,"column":0},"end":{"line":129,"column":27}},"129":{"start":{"line":130,"column":0},"end":{"line":130,"column":17}},"130":{"start":{"line":131,"column":0},"end":{"line":131,"column":14}},"131":{"start":{"line":132,"column":0},"end":{"line":132,"column":3}},"132":{"start":{"line":133,"column":0},"end":{"line":133,"column":3}},"141":{"start":{"line":142,"column":0},"end":{"line":142,"column":56}},"142":{"start":{"line":143,"column":0},"end":{"line":143,"column":7}},"143":{"start":{"line":144,"column":0},"end":{"line":144,"column":33}},"145":{"start":{"line":146,"column":0},"end":{"line":146,"column":52}},"146":{"start":{"line":147,"column":0},"end":{"line":147,"column":74}},"147":{"start":{"line":148,"column":0},"end":{"line":148,"column":45}},"148":{"start":{"line":149,"column":0},"end":{"line":149,"column":94}},"149":{"start":{"line":150,"column":0},"end":{"line":150,"column":23}},"150":{"start":{"line":151,"column":0},"end":{"line":151,"column":16}},"151":{"start":{"line":152,"column":0},"end":{"line":152,"column":5}},"152":{"start":{"line":153,"column":0},"end":{"line":153,"column":31}},"153":{"start":{"line":154,"column":0},"end":{"line":154,"column":93}},"154":{"start":{"line":155,"column":0},"end":{"line":155,"column":23}},"155":{"start":{"line":156,"column":0},"end":{"line":156,"column":16}},"156":{"start":{"line":157,"column":0},"end":{"line":157,"column":5}},"158":{"start":{"line":159,"column":0},"end":{"line":159,"column":55}},"159":{"start":{"line":160,"column":0},"end":{"line":160,"column":51}},"160":{"start":{"line":161,"column":0},"end":{"line":161,"column":18}},"161":{"start":{"line":162,"column":0},"end":{"line":162,"column":81}},"162":{"start":{"line":163,"column":0},"end":{"line":163,"column":21}},"163":{"start":{"line":164,"column":0},"end":{"line":164,"column":24}},"164":{"start":{"line":165,"column":0},"end":{"line":165,"column":14}},"165":{"start":{"line":166,"column":0},"end":{"line":166,"column":72}},"166":{"start":{"line":167,"column":0},"end":{"line":167,"column":13}},"167":{"start":{"line":168,"column":0},"end":{"line":168,"column":72}},"168":{"start":{"line":169,"column":0},"end":{"line":169,"column":18}},"169":{"start":{"line":170,"column":0},"end":{"line":170,"column":44}},"170":{"start":{"line":171,"column":0},"end":{"line":171,"column":28}},"171":{"start":{"line":172,"column":0},"end":{"line":172,"column":39}},"172":{"start":{"line":173,"column":0},"end":{"line":173,"column":8}},"173":{"start":{"line":174,"column":0},"end":{"line":174,"column":7}},"175":{"start":{"line":176,"column":0},"end":{"line":176,"column":72}},"176":{"start":{"line":177,"column":0},"end":{"line":177,"column":93}},"177":{"start":{"line":178,"column":0},"end":{"line":178,"column":17}},"178":{"start":{"line":179,"column":0},"end":{"line":179,"column":14}},"179":{"start":{"line":180,"column":0},"end":{"line":180,"column":3}},"180":{"start":{"line":181,"column":0},"end":{"line":181,"column":3}},"187":{"start":{"line":188,"column":0},"end":{"line":188,"column":55}},"188":{"start":{"line":189,"column":0},"end":{"line":189,"column":7}},"189":{"start":{"line":190,"column":0},"end":{"line":190,"column":33}},"190":{"start":{"line":191,"column":0},"end":{"line":191,"column":63}},"191":{"start":{"line":192,"column":0},"end":{"line":192,"column":24}},"192":{"start":{"line":193,"column":0},"end":{"line":193,"column":84}},"193":{"start":{"line":194,"column":0},"end":{"line":194,"column":23}},"194":{"start":{"line":195,"column":0},"end":{"line":195,"column":16}},"195":{"start":{"line":196,"column":0},"end":{"line":196,"column":5}},"197":{"start":{"line":198,"column":0},"end":{"line":198,"column":47}},"200":{"start":{"line":201,"column":0},"end":{"line":201,"column":36}},"201":{"start":{"line":202,"column":0},"end":{"line":202,"column":37}},"202":{"start":{"line":203,"column":0},"end":{"line":203,"column":62}},"203":{"start":{"line":204,"column":0},"end":{"line":204,"column":5}},"205":{"start":{"line":206,"column":0},"end":{"line":206,"column":34}},"208":{"start":{"line":209,"column":0},"end":{"line":209,"column":39}},"209":{"start":{"line":210,"column":0},"end":{"line":210,"column":41}},"210":{"start":{"line":211,"column":0},"end":{"line":211,"column":45}},"211":{"start":{"line":212,"column":0},"end":{"line":212,"column":39}},"212":{"start":{"line":213,"column":0},"end":{"line":213,"column":44}},"213":{"start":{"line":214,"column":0},"end":{"line":214,"column":7}},"214":{"start":{"line":215,"column":0},"end":{"line":215,"column":5}},"216":{"start":{"line":217,"column":0},"end":{"line":217,"column":69}},"217":{"start":{"line":218,"column":0},"end":{"line":218,"column":17}},"218":{"start":{"line":219,"column":0},"end":{"line":219,"column":14}},"219":{"start":{"line":220,"column":0},"end":{"line":220,"column":3}},"220":{"start":{"line":221,"column":0},"end":{"line":221,"column":3}},"223":{"start":{"line":224,"column":0},"end":{"line":224,"column":55}},"224":{"start":{"line":225,"column":0},"end":{"line":225,"column":7}},"225":{"start":{"line":226,"column":0},"end":{"line":226,"column":33}},"226":{"start":{"line":227,"column":0},"end":{"line":227,"column":73}},"227":{"start":{"line":228,"column":0},"end":{"line":228,"column":17}},"228":{"start":{"line":229,"column":0},"end":{"line":229,"column":14}},"229":{"start":{"line":230,"column":0},"end":{"line":230,"column":3}},"230":{"start":{"line":231,"column":0},"end":{"line":231,"column":3}},"237":{"start":{"line":238,"column":0},"end":{"line":238,"column":57}},"238":{"start":{"line":239,"column":0},"end":{"line":239,"column":7}},"239":{"start":{"line":240,"column":0},"end":{"line":240,"column":33}},"240":{"start":{"line":241,"column":0},"end":{"line":241,"column":65}},"241":{"start":{"line":242,"column":0},"end":{"line":242,"column":46}},"242":{"start":{"line":243,"column":0},"end":{"line":243,"column":17}},"243":{"start":{"line":244,"column":0},"end":{"line":244,"column":14}},"244":{"start":{"line":245,"column":0},"end":{"line":245,"column":3}},"245":{"start":{"line":246,"column":0},"end":{"line":246,"column":3}},"248":{"start":{"line":249,"column":0},"end":{"line":249,"column":49}},"249":{"start":{"line":250,"column":0},"end":{"line":250,"column":7}},"250":{"start":{"line":251,"column":0},"end":{"line":251,"column":33}},"251":{"start":{"line":252,"column":0},"end":{"line":252,"column":45}},"252":{"start":{"line":253,"column":0},"end":{"line":253,"column":27}},"253":{"start":{"line":254,"column":0},"end":{"line":254,"column":17}},"254":{"start":{"line":255,"column":0},"end":{"line":255,"column":14}},"255":{"start":{"line":256,"column":0},"end":{"line":256,"column":3}},"256":{"start":{"line":257,"column":0},"end":{"line":257,"column":3}},"258":{"start":{"line":259,"column":0},"end":{"line":259,"column":22}}},"s":{"0":1,"1":1,"2":1,"10":1,"11":1,"14":1,"16":18,"17":18,"18":1,"19":1,"20":1,"21":1,"22":18,"27":0,"28":0,"29":0,"30":0,"31":0,"32":0,"34":0,"35":0,"39":0,"40":0,"41":0,"42":0,"43":0,"44":0,"45":0,"46":0,"47":0,"49":0,"50":0,"51":0,"52":0,"53":0,"54":0,"55":0,"56":0,"58":0,"59":0,"60":0,"61":0,"62":0,"63":0,"64":0,"65":0,"66":0,"67":0,"68":0,"70":0,"71":0,"72":0,"73":0,"75":0,"76":0,"79":1,"80":0,"81":0,"82":0,"83":0,"84":0,"85":0,"86":0,"89":1,"90":0,"91":0,"92":0,"93":0,"94":0,"95":0,"96":0,"97":0,"98":0,"99":0,"100":0,"101":0,"102":0,"105":1,"106":1,"107":1,"108":1,"109":1,"110":0,"111":0,"112":0,"113":0,"114":1,"115":1,"116":0,"117":0,"118":1,"121":1,"122":0,"123":0,"124":0,"125":0,"126":0,"127":0,"128":0,"129":0,"130":0,"131":0,"132":0,"141":1,"142":0,"143":0,"145":0,"146":0,"147":0,"148":0,"149":0,"150":0,"151":0,"152":0,"153":0,"154":0,"155":0,"156":0,"158":0,"159":0,"160":0,"161":0,"162":0,"163":0,"164":0,"165":0,"166":0,"167":0,"168":0,"169":0,"170":0,"171":0,"172":0,"173":0,"175":0,"176":0,"177":0,"178":0,"179":0,"180":0,"187":1,"188":17,"189":17,"190":17,"191":17,"192":1,"193":1,"194":1,"195":1,"197":17,"200":17,"201":17,"202":5,"203":5,"205":15,"208":15,"209":17,"210":7,"211":7,"212":5,"213":5,"214":7,"216":15,"217":17,"218":2,"219":2,"220":17,"223":1,"224":0,"225":0,"226":0,"227":0,"228":0,"229":0,"230":0,"237":1,"238":0,"239":0,"240":0,"241":0,"242":0,"243":0,"244":0,"245":0,"248":1,"249":0,"250":0,"251":0,"252":0,"253":0,"254":0,"255":0,"256":0,"258":1},"branchMap":{"0":{"type":"branch","line":17,"loc":{"start":{"line":17,"column":0},"end":{"line":23,"column":1}},"locations":[{"start":{"line":17,"column":0},"end":{"line":23,"column":1}}]},"1":{"type":"branch","line":18,"loc":{"start":{"line":18,"column":19},"end":{"line":22,"column":3}},"locations":[{"start":{"line":18,"column":19},"end":{"line":22,"column":3}}]},"2":{"type":"branch","line":106,"loc":{"start":{"line":106,"column":19},"end":{"line":119,"column":3}},"locations":[{"start":{"line":106,"column":19},"end":{"line":119,"column":3}}]},"3":{"type":"branch","line":110,"loc":{"start":{"line":110,"column":23},"end":{"line":114,"column":5}},"locations":[{"start":{"line":110,"column":23},"end":{"line":114,"column":5}}]},"4":{"type":"branch","line":116,"loc":{"start":{"line":116,"column":2},"end":{"line":118,"column":3}},"locations":[{"start":{"line":116,"column":2},"end":{"line":118,"column":3}}]},"5":{"type":"branch","line":188,"loc":{"start":{"line":188,"column":28},"end":{"line":221,"column":3}},"locations":[{"start":{"line":188,"column":28},"end":{"line":221,"column":3}}]},"6":{"type":"branch","line":191,"loc":{"start":{"line":191,"column":61},"end":{"line":192,"column":23}},"locations":[{"start":{"line":191,"column":61},"end":{"line":192,"column":23}}]},"7":{"type":"branch","line":192,"loc":{"start":{"line":192,"column":23},"end":{"line":196,"column":5}},"locations":[{"start":{"line":192,"column":23},"end":{"line":196,"column":5}}]},"8":{"type":"branch","line":196,"loc":{"start":{"line":196,"column":4},"end":{"line":198,"column":44}},"locations":[{"start":{"line":196,"column":4},"end":{"line":198,"column":44}}]},"9":{"type":"branch","line":198,"loc":{"start":{"line":198,"column":32},"end":{"line":198,"column":47}},"locations":[{"start":{"line":198,"column":32},"end":{"line":198,"column":47}}]},"10":{"type":"branch","line":202,"loc":{"start":{"line":202,"column":36},"end":{"line":204,"column":5}},"locations":[{"start":{"line":202,"column":36},"end":{"line":204,"column":5}}]},"11":{"type":"branch","line":204,"loc":{"start":{"line":204,"column":4},"end":{"line":210,"column":40}},"locations":[{"start":{"line":204,"column":4},"end":{"line":210,"column":40}}]},"12":{"type":"branch","line":210,"loc":{"start":{"line":210,"column":40},"end":{"line":215,"column":5}},"locations":[{"start":{"line":210,"column":40},"end":{"line":215,"column":5}}]},"13":{"type":"branch","line":212,"loc":{"start":{"line":212,"column":22},"end":{"line":212,"column":38}},"locations":[{"start":{"line":212,"column":22},"end":{"line":212,"column":38}}]},"14":{"type":"branch","line":212,"loc":{"start":{"line":212,"column":38},"end":{"line":214,"column":7}},"locations":[{"start":{"line":212,"column":38},"end":{"line":214,"column":7}}]},"15":{"type":"branch","line":215,"loc":{"start":{"line":215,"column":4},"end":{"line":218,"column":11}},"locations":[{"start":{"line":215,"column":4},"end":{"line":218,"column":11}}]},"16":{"type":"branch","line":218,"loc":{"start":{"line":218,"column":2},"end":{"line":220,"column":3}},"locations":[{"start":{"line":218,"column":2},"end":{"line":220,"column":3}}]},"17":{"type":"branch","line":203,"loc":{"start":{"line":203,"column":33},"end":{"line":203,"column":60}},"locations":[{"start":{"line":203,"column":33},"end":{"line":203,"column":60}}]}},"b":{"0":[18],"1":[1],"2":[1],"3":[0],"4":[0],"5":[17],"6":[16],"7":[1],"8":[15],"9":[0],"10":[5],"11":[15],"12":[7],"13":[6],"14":[5],"15":[15],"16":[2],"17":[16]},"fnMap":{"0":{"name":"validateUUID","decl":{"start":{"line":17,"column":0},"end":{"line":23,"column":1}},"loc":{"start":{"line":17,"column":0},"end":{"line":23,"column":1}},"line":17},"1":{"name":"pickPatchableFields","decl":{"start":{"line":28,"column":0},"end":{"line":77,"column":1}},"loc":{"start":{"line":28,"column":0},"end":{"line":77,"column":1}},"line":28}},"f":{"0":18,"1":0}}
,"/Volumes/Ext2TB/Projects/explainer-worktrees/20260806-215541-39495/test-onda1-backend-coverage/backend/src/services/deepseek.ts": {"path":"/Volumes/Ext2TB/Projects/explainer-worktrees/20260806-215541-39495/test-onda1-backend-coverage/backend/src/services/deepseek.ts","all":false,"statementMap":{"22":{"start":{"line":23,"column":0},"end":{"line":23,"column":49}},"23":{"start":{"line":24,"column":0},"end":{"line":24,"column":37}},"25":{"start":{"line":26,"column":0},"end":{"line":26,"column":52}},"26":{"start":{"line":27,"column":0},"end":{"line":27,"column":43}},"27":{"start":{"line":28,"column":0},"end":{"line":28,"column":51}},"28":{"start":{"line":29,"column":0},"end":{"line":29,"column":37}},"29":{"start":{"line":30,"column":0},"end":{"line":30,"column":41}},"30":{"start":{"line":31,"column":0},"end":{"line":31,"column":35}},"32":{"start":{"line":33,"column":0},"end":{"line":33,"column":42}},"33":{"start":{"line":34,"column":0},"end":{"line":34,"column":14}},"34":{"start":{"line":35,"column":0},"end":{"line":35,"column":35}},"35":{"start":{"line":36,"column":0},"end":{"line":36,"column":20}},"36":{"start":{"line":37,"column":0},"end":{"line":37,"column":5}},"37":{"start":{"line":38,"column":0},"end":{"line":38,"column":19}},"38":{"start":{"line":39,"column":0},"end":{"line":39,"column":32}},"39":{"start":{"line":40,"column":0},"end":{"line":40,"column":3}},"40":{"start":{"line":41,"column":0},"end":{"line":41,"column":1}},"42":{"start":{"line":43,"column":0},"end":{"line":43,"column":27}},"43":{"start":{"line":44,"column":0},"end":{"line":44,"column":43}},"44":{"start":{"line":45,"column":0},"end":{"line":45,"column":13}},"45":{"start":{"line":46,"column":0},"end":{"line":46,"column":78}},"46":{"start":{"line":47,"column":0},"end":{"line":47,"column":3}},"47":{"start":{"line":48,"column":0},"end":{"line":48,"column":13}},"48":{"start":{"line":49,"column":0},"end":{"line":49,"column":1}},"63":{"start":{"line":64,"column":0},"end":{"line":64,"column":26}},"64":{"start":{"line":65,"column":0},"end":{"line":65,"column":15}},"65":{"start":{"line":66,"column":0},"end":{"line":66,"column":16}},"66":{"start":{"line":67,"column":0},"end":{"line":67,"column":20}},"67":{"start":{"line":68,"column":0},"end":{"line":68,"column":15}},"68":{"start":{"line":69,"column":0},"end":{"line":69,"column":43}},"69":{"start":{"line":70,"column":0},"end":{"line":70,"column":64}},"71":{"start":{"line":72,"column":0},"end":{"line":72,"column":7}},"72":{"start":{"line":73,"column":0},"end":{"line":73,"column":61}},"73":{"start":{"line":74,"column":0},"end":{"line":74,"column":21}},"74":{"start":{"line":75,"column":0},"end":{"line":75,"column":16}},"75":{"start":{"line":76,"column":0},"end":{"line":76,"column":44}},"76":{"start":{"line":77,"column":0},"end":{"line":77,"column":43}},"77":{"start":{"line":78,"column":0},"end":{"line":78,"column":8}},"78":{"start":{"line":79,"column":0},"end":{"line":79,"column":33}},"79":{"start":{"line":80,"column":0},"end":{"line":80,"column":32}},"80":{"start":{"line":81,"column":0},"end":{"line":81,"column":7}},"82":{"start":{"line":83,"column":0},"end":{"line":83,"column":39}},"83":{"start":{"line":84,"column":0},"end":{"line":84,"column":23}},"84":{"start":{"line":85,"column":0},"end":{"line":85,"column":38}},"85":{"start":{"line":86,"column":0},"end":{"line":86,"column":11}},"86":{"start":{"line":87,"column":0},"end":{"line":87,"column":76}},"87":{"start":{"line":88,"column":0},"end":{"line":88,"column":65}},"88":{"start":{"line":89,"column":0},"end":{"line":89,"column":15}},"90":{"start":{"line":91,"column":0},"end":{"line":91,"column":7}},"91":{"start":{"line":92,"column":0},"end":{"line":92,"column":55}},"92":{"start":{"line":93,"column":0},"end":{"line":93,"column":5}},"94":{"start":{"line":95,"column":0},"end":{"line":95,"column":33}},"95":{"start":{"line":96,"column":0},"end":{"line":96,"column":17}},"96":{"start":{"line":97,"column":0},"end":{"line":97,"column":48}},"97":{"start":{"line":98,"column":0},"end":{"line":98,"column":60}},"98":{"start":{"line":99,"column":0},"end":{"line":99,"column":30}},"99":{"start":{"line":100,"column":0},"end":{"line":100,"column":12}},"100":{"start":{"line":101,"column":0},"end":{"line":101,"column":58}},"101":{"start":{"line":102,"column":0},"end":{"line":102,"column":8}},"102":{"start":{"line":103,"column":0},"end":{"line":103,"column":5}},"103":{"start":{"line":104,"column":0},"end":{"line":104,"column":28}},"104":{"start":{"line":105,"column":0},"end":{"line":105,"column":10}},"105":{"start":{"line":106,"column":0},"end":{"line":106,"column":55}},"106":{"start":{"line":107,"column":0},"end":{"line":107,"column":6}},"107":{"start":{"line":108,"column":0},"end":{"line":108,"column":13}},"108":{"start":{"line":109,"column":0},"end":{"line":109,"column":24}},"109":{"start":{"line":110,"column":0},"end":{"line":110,"column":3}},"110":{"start":{"line":111,"column":0},"end":{"line":111,"column":1}},"116":{"start":{"line":117,"column":0},"end":{"line":117,"column":28}},"117":{"start":{"line":118,"column":0},"end":{"line":118,"column":23}},"118":{"start":{"line":119,"column":0},"end":{"line":119,"column":14}},"119":{"start":{"line":120,"column":0},"end":{"line":120,"column":15}},"120":{"start":{"line":121,"column":0},"end":{"line":121,"column":56}},"121":{"start":{"line":122,"column":0},"end":{"line":122,"column":9}},"122":{"start":{"line":123,"column":0},"end":{"line":123,"column":24}},"123":{"start":{"line":124,"column":0},"end":{"line":124,"column":19}},"124":{"start":{"line":125,"column":0},"end":{"line":125,"column":40}},"125":{"start":{"line":126,"column":0},"end":{"line":126,"column":82}},"127":{"start":{"line":128,"column":0},"end":{"line":128,"column":65}},"128":{"start":{"line":129,"column":0},"end":{"line":129,"column":17}},"129":{"start":{"line":130,"column":0},"end":{"line":130,"column":7}},"130":{"start":{"line":131,"column":0},"end":{"line":131,"column":16}},"131":{"start":{"line":132,"column":0},"end":{"line":132,"column":5}},"132":{"start":{"line":133,"column":0},"end":{"line":133,"column":3}},"134":{"start":{"line":135,"column":0},"end":{"line":135,"column":62}},"135":{"start":{"line":136,"column":0},"end":{"line":136,"column":1}},"141":{"start":{"line":142,"column":0},"end":{"line":142,"column":20}},"142":{"start":{"line":143,"column":0},"end":{"line":143,"column":37}},"143":{"start":{"line":144,"column":0},"end":{"line":144,"column":16}},"144":{"start":{"line":145,"column":0},"end":{"line":145,"column":84}},"145":{"start":{"line":146,"column":0},"end":{"line":146,"column":17}},"146":{"start":{"line":147,"column":0},"end":{"line":147,"column":9}},"147":{"start":{"line":148,"column":0},"end":{"line":148,"column":30}},"149":{"start":{"line":150,"column":0},"end":{"line":150,"column":40}},"150":{"start":{"line":151,"column":0},"end":{"line":151,"column":38}},"151":{"start":{"line":152,"column":0},"end":{"line":152,"column":43}},"152":{"start":{"line":153,"column":0},"end":{"line":153,"column":5}},"155":{"start":{"line":156,"column":0},"end":{"line":156,"column":27}},"156":{"start":{"line":157,"column":0},"end":{"line":157,"column":19}},"157":{"start":{"line":158,"column":0},"end":{"line":158,"column":8}},"158":{"start":{"line":159,"column":0},"end":{"line":159,"column":11}},"159":{"start":{"line":160,"column":0},"end":{"line":160,"column":13}},"160":{"start":{"line":161,"column":0},"end":{"line":161,"column":33}},"161":{"start":{"line":162,"column":0},"end":{"line":162,"column":38}},"162":{"start":{"line":163,"column":0},"end":{"line":163,"column":6}},"163":{"start":{"line":164,"column":0},"end":{"line":164,"column":21}},"164":{"start":{"line":165,"column":0},"end":{"line":165,"column":17}},"165":{"start":{"line":166,"column":0},"end":{"line":166,"column":42}},"166":{"start":{"line":167,"column":0},"end":{"line":167,"column":55}},"167":{"start":{"line":168,"column":0},"end":{"line":168,"column":6}},"168":{"start":{"line":169,"column":0},"end":{"line":169,"column":5}},"169":{"start":{"line":170,"column":0},"end":{"line":170,"column":1}},"189":{"start":{"line":190,"column":0},"end":{"line":190,"column":35}},"190":{"start":{"line":191,"column":0},"end":{"line":191,"column":30}},"191":{"start":{"line":192,"column":0},"end":{"line":192,"column":58}},"192":{"start":{"line":193,"column":0},"end":{"line":193,"column":32}},"193":{"start":{"line":194,"column":0},"end":{"line":194,"column":53}},"194":{"start":{"line":195,"column":0},"end":{"line":195,"column":67}},"195":{"start":{"line":196,"column":0},"end":{"line":196,"column":39}},"197":{"start":{"line":198,"column":0},"end":{"line":198,"column":42}},"198":{"start":{"line":199,"column":0},"end":{"line":199,"column":10}},"199":{"start":{"line":200,"column":0},"end":{"line":200,"column":13}},"200":{"start":{"line":201,"column":0},"end":{"line":201,"column":26}},"201":{"start":{"line":202,"column":0},"end":{"line":202,"column":38}},"202":{"start":{"line":203,"column":0},"end":{"line":203,"column":4}},"204":{"start":{"line":205,"column":0},"end":{"line":205,"column":36}},"205":{"start":{"line":206,"column":0},"end":{"line":206,"column":71}},"206":{"start":{"line":207,"column":0},"end":{"line":207,"column":4}},"208":{"start":{"line":209,"column":0},"end":{"line":209,"column":33}},"209":{"start":{"line":210,"column":0},"end":{"line":210,"column":16}},"210":{"start":{"line":211,"column":0},"end":{"line":211,"column":65}},"211":{"start":{"line":212,"column":0},"end":{"line":212,"column":3}},"213":{"start":{"line":214,"column":0},"end":{"line":214,"column":13}},"214":{"start":{"line":215,"column":0},"end":{"line":215,"column":28}},"215":{"start":{"line":216,"column":0},"end":{"line":216,"column":10}},"216":{"start":{"line":217,"column":0},"end":{"line":217,"column":15}},"217":{"start":{"line":218,"column":0},"end":{"line":218,"column":19}},"218":{"start":{"line":219,"column":0},"end":{"line":219,"column":4}},"220":{"start":{"line":221,"column":0},"end":{"line":221,"column":10}},"221":{"start":{"line":222,"column":0},"end":{"line":222,"column":28}},"222":{"start":{"line":223,"column":0},"end":{"line":223,"column":22}},"223":{"start":{"line":224,"column":0},"end":{"line":224,"column":39}},"224":{"start":{"line":225,"column":0},"end":{"line":225,"column":10}},"225":{"start":{"line":226,"column":0},"end":{"line":226,"column":16}},"226":{"start":{"line":227,"column":0},"end":{"line":227,"column":4}},"227":{"start":{"line":228,"column":0},"end":{"line":228,"column":1}},"245":{"start":{"line":246,"column":0},"end":{"line":246,"column":42}},"246":{"start":{"line":247,"column":0},"end":{"line":247,"column":30}},"247":{"start":{"line":248,"column":0},"end":{"line":248,"column":28}},"248":{"start":{"line":249,"column":0},"end":{"line":249,"column":40}},"249":{"start":{"line":250,"column":0},"end":{"line":250,"column":53}},"250":{"start":{"line":251,"column":0},"end":{"line":251,"column":67}},"251":{"start":{"line":252,"column":0},"end":{"line":252,"column":39}},"253":{"start":{"line":254,"column":0},"end":{"line":254,"column":42}},"254":{"start":{"line":255,"column":0},"end":{"line":255,"column":10}},"255":{"start":{"line":256,"column":0},"end":{"line":256,"column":13}},"256":{"start":{"line":257,"column":0},"end":{"line":257,"column":26}},"257":{"start":{"line":258,"column":0},"end":{"line":258,"column":38}},"258":{"start":{"line":259,"column":0},"end":{"line":259,"column":17}},"259":{"start":{"line":260,"column":0},"end":{"line":260,"column":4}},"263":{"start":{"line":264,"column":0},"end":{"line":264,"column":43}},"264":{"start":{"line":265,"column":0},"end":{"line":265,"column":64}},"266":{"start":{"line":267,"column":0},"end":{"line":267,"column":25}},"267":{"start":{"line":268,"column":0},"end":{"line":268,"column":7}},"268":{"start":{"line":269,"column":0},"end":{"line":269,"column":65}},"269":{"start":{"line":270,"column":0},"end":{"line":270,"column":21}},"270":{"start":{"line":271,"column":0},"end":{"line":271,"column":16}},"271":{"start":{"line":272,"column":0},"end":{"line":272,"column":44}},"272":{"start":{"line":273,"column":0},"end":{"line":273,"column":43}},"273":{"start":{"line":274,"column":0},"end":{"line":274,"column":8}},"274":{"start":{"line":275,"column":0},"end":{"line":275,"column":36}},"275":{"start":{"line":276,"column":0},"end":{"line":276,"column":32}},"276":{"start":{"line":277,"column":0},"end":{"line":277,"column":7}},"277":{"start":{"line":278,"column":0},"end":{"line":278,"column":17}},"278":{"start":{"line":279,"column":0},"end":{"line":279,"column":24}},"279":{"start":{"line":280,"column":0},"end":{"line":280,"column":60}},"280":{"start":{"line":281,"column":0},"end":{"line":281,"column":30}},"281":{"start":{"line":282,"column":0},"end":{"line":282,"column":12}},"282":{"start":{"line":283,"column":0},"end":{"line":283,"column":65}},"283":{"start":{"line":284,"column":0},"end":{"line":284,"column":8}},"284":{"start":{"line":285,"column":0},"end":{"line":285,"column":5}},"285":{"start":{"line":286,"column":0},"end":{"line":286,"column":28}},"286":{"start":{"line":287,"column":0},"end":{"line":287,"column":10}},"287":{"start":{"line":288,"column":0},"end":{"line":288,"column":55}},"288":{"start":{"line":289,"column":0},"end":{"line":289,"column":6}},"289":{"start":{"line":290,"column":0},"end":{"line":290,"column":3}},"291":{"start":{"line":292,"column":0},"end":{"line":292,"column":21}},"292":{"start":{"line":293,"column":0},"end":{"line":293,"column":24}},"293":{"start":{"line":294,"column":0},"end":{"line":294,"column":39}},"294":{"start":{"line":295,"column":0},"end":{"line":295,"column":36}},"295":{"start":{"line":296,"column":0},"end":{"line":296,"column":9}},"296":{"start":{"line":297,"column":0},"end":{"line":297,"column":74}},"297":{"start":{"line":298,"column":0},"end":{"line":298,"column":63}},"298":{"start":{"line":299,"column":0},"end":{"line":299,"column":13}},"300":{"start":{"line":301,"column":0},"end":{"line":301,"column":5}},"301":{"start":{"line":302,"column":0},"end":{"line":302,"column":53}},"302":{"start":{"line":303,"column":0},"end":{"line":303,"column":3}},"304":{"start":{"line":305,"column":0},"end":{"line":305,"column":23}},"305":{"start":{"line":306,"column":0},"end":{"line":306,"column":24}},"306":{"start":{"line":307,"column":0},"end":{"line":307,"column":73}},"307":{"start":{"line":308,"column":0},"end":{"line":308,"column":3}},"309":{"start":{"line":310,"column":0},"end":{"line":310,"column":43}},"310":{"start":{"line":311,"column":0},"end":{"line":311,"column":36}},"311":{"start":{"line":312,"column":0},"end":{"line":312,"column":18}},"314":{"start":{"line":315,"column":0},"end":{"line":315,"column":23}},"315":{"start":{"line":316,"column":0},"end":{"line":316,"column":27}},"316":{"start":{"line":317,"column":0},"end":{"line":317,"column":25}},"318":{"start":{"line":319,"column":0},"end":{"line":319,"column":7}},"319":{"start":{"line":320,"column":0},"end":{"line":320,"column":18}},"320":{"start":{"line":321,"column":0},"end":{"line":321,"column":50}},"321":{"start":{"line":322,"column":0},"end":{"line":322,"column":22}},"323":{"start":{"line":324,"column":0},"end":{"line":324,"column":56}},"324":{"start":{"line":325,"column":0},"end":{"line":325,"column":39}},"326":{"start":{"line":327,"column":0},"end":{"line":327,"column":33}},"328":{"start":{"line":329,"column":0},"end":{"line":329,"column":33}},"329":{"start":{"line":330,"column":0},"end":{"line":330,"column":36}},"330":{"start":{"line":331,"column":0},"end":{"line":331,"column":63}},"332":{"start":{"line":333,"column":0},"end":{"line":333,"column":45}},"333":{"start":{"line":334,"column":0},"end":{"line":334,"column":32}},"334":{"start":{"line":335,"column":0},"end":{"line":335,"column":28}},"335":{"start":{"line":336,"column":0},"end":{"line":336,"column":16}},"336":{"start":{"line":337,"column":0},"end":{"line":337,"column":9}},"338":{"start":{"line":339,"column":0},"end":{"line":339,"column":39}},"339":{"start":{"line":340,"column":0},"end":{"line":340,"column":13}},"340":{"start":{"line":341,"column":0},"end":{"line":341,"column":58}},"341":{"start":{"line":342,"column":0},"end":{"line":342,"column":17}},"343":{"start":{"line":344,"column":0},"end":{"line":344,"column":19}},"344":{"start":{"line":345,"column":0},"end":{"line":345,"column":9}},"347":{"start":{"line":348,"column":0},"end":{"line":348,"column":76}},"350":{"start":{"line":351,"column":0},"end":{"line":351,"column":69}},"351":{"start":{"line":352,"column":0},"end":{"line":352,"column":81}},"353":{"start":{"line":354,"column":0},"end":{"line":354,"column":20}},"354":{"start":{"line":355,"column":0},"end":{"line":355,"column":7}},"356":{"start":{"line":357,"column":0},"end":{"line":357,"column":28}},"357":{"start":{"line":358,"column":0},"end":{"line":358,"column":5}},"358":{"start":{"line":359,"column":0},"end":{"line":359,"column":13}},"359":{"start":{"line":360,"column":0},"end":{"line":360,"column":24}},"360":{"start":{"line":361,"column":0},"end":{"line":361,"column":25}},"361":{"start":{"line":362,"column":0},"end":{"line":362,"column":3}},"364":{"start":{"line":365,"column":0},"end":{"line":365,"column":49}},"365":{"start":{"line":366,"column":0},"end":{"line":366,"column":42}},"366":{"start":{"line":367,"column":0},"end":{"line":367,"column":33}},"367":{"start":{"line":368,"column":0},"end":{"line":368,"column":38}},"368":{"start":{"line":369,"column":0},"end":{"line":369,"column":7}},"369":{"start":{"line":370,"column":0},"end":{"line":370,"column":17}},"370":{"start":{"line":371,"column":0},"end":{"line":371,"column":21}},"371":{"start":{"line":372,"column":0},"end":{"line":372,"column":10}},"372":{"start":{"line":373,"column":0},"end":{"line":373,"column":35}},"373":{"start":{"line":374,"column":0},"end":{"line":374,"column":64}},"374":{"start":{"line":375,"column":0},"end":{"line":375,"column":23}},"375":{"start":{"line":376,"column":0},"end":{"line":376,"column":19}},"376":{"start":{"line":377,"column":0},"end":{"line":377,"column":51}},"377":{"start":{"line":378,"column":0},"end":{"line":378,"column":57}},"378":{"start":{"line":379,"column":0},"end":{"line":379,"column":8}},"379":{"start":{"line":380,"column":0},"end":{"line":380,"column":7}},"380":{"start":{"line":381,"column":0},"end":{"line":381,"column":3}},"381":{"start":{"line":382,"column":0},"end":{"line":382,"column":1}},"401":{"start":{"line":402,"column":0},"end":{"line":402,"column":39}},"402":{"start":{"line":403,"column":0},"end":{"line":403,"column":30}},"403":{"start":{"line":404,"column":0},"end":{"line":404,"column":25}},"404":{"start":{"line":405,"column":0},"end":{"line":405,"column":58}},"405":{"start":{"line":406,"column":0},"end":{"line":406,"column":36}},"406":{"start":{"line":407,"column":0},"end":{"line":407,"column":57}},"407":{"start":{"line":408,"column":0},"end":{"line":408,"column":71}},"408":{"start":{"line":409,"column":0},"end":{"line":409,"column":39}},"410":{"start":{"line":411,"column":0},"end":{"line":411,"column":42}},"411":{"start":{"line":412,"column":0},"end":{"line":412,"column":10}},"412":{"start":{"line":413,"column":0},"end":{"line":413,"column":13}},"413":{"start":{"line":414,"column":0},"end":{"line":414,"column":26}},"414":{"start":{"line":415,"column":0},"end":{"line":415,"column":38}},"415":{"start":{"line":416,"column":0},"end":{"line":416,"column":52}},"416":{"start":{"line":417,"column":0},"end":{"line":417,"column":4}},"418":{"start":{"line":419,"column":0},"end":{"line":419,"column":36}},"419":{"start":{"line":420,"column":0},"end":{"line":420,"column":79}},"420":{"start":{"line":421,"column":0},"end":{"line":421,"column":4}},"422":{"start":{"line":423,"column":0},"end":{"line":423,"column":33}},"423":{"start":{"line":424,"column":0},"end":{"line":424,"column":16}},"424":{"start":{"line":425,"column":0},"end":{"line":425,"column":74}},"425":{"start":{"line":426,"column":0},"end":{"line":426,"column":3}},"427":{"start":{"line":428,"column":0},"end":{"line":428,"column":13}},"428":{"start":{"line":429,"column":0},"end":{"line":429,"column":28}},"429":{"start":{"line":430,"column":0},"end":{"line":430,"column":10}},"430":{"start":{"line":431,"column":0},"end":{"line":431,"column":15}},"431":{"start":{"line":432,"column":0},"end":{"line":432,"column":23}},"432":{"start":{"line":433,"column":0},"end":{"line":433,"column":4}},"434":{"start":{"line":435,"column":0},"end":{"line":435,"column":10}},"435":{"start":{"line":436,"column":0},"end":{"line":436,"column":28}},"436":{"start":{"line":437,"column":0},"end":{"line":437,"column":22}},"437":{"start":{"line":438,"column":0},"end":{"line":438,"column":39}},"438":{"start":{"line":439,"column":0},"end":{"line":439,"column":10}},"439":{"start":{"line":440,"column":0},"end":{"line":440,"column":16}},"440":{"start":{"line":441,"column":0},"end":{"line":441,"column":4}},"441":{"start":{"line":442,"column":0},"end":{"line":442,"column":1}}},"s":{"22":1,"23":1,"25":1,"26":1,"27":1,"28":1,"29":1,"30":1,"32":1,"33":36,"34":36,"35":36,"36":36,"37":36,"38":36,"39":36,"40":36,"42":54,"43":54,"44":54,"45":6,"46":6,"47":48,"48":48,"63":41,"64":41,"65":41,"66":41,"67":41,"68":41,"69":41,"71":41,"72":41,"73":41,"74":41,"75":41,"76":41,"77":41,"78":41,"79":41,"80":41,"82":25,"83":41,"84":9,"85":9,"86":9,"87":9,"88":9,"90":2,"91":9,"92":9,"94":16,"95":41,"96":25,"97":25,"98":4,"99":4,"100":4,"101":4,"102":4,"103":6,"104":6,"105":25,"106":25,"107":41,"108":41,"109":41,"110":41,"116":29,"117":29,"118":29,"119":29,"120":29,"121":41,"122":41,"123":41,"124":25,"125":25,"127":12,"128":12,"129":12,"130":3,"131":3,"132":41,"134":12,"135":12,"141":14,"142":14,"143":14,"144":14,"145":14,"146":14,"147":14,"149":3,"150":3,"151":3,"152":3,"155":3,"156":3,"157":3,"158":3,"159":3,"160":3,"161":3,"162":3,"163":3,"164":1,"165":1,"166":1,"167":1,"168":3,"169":3,"189":16,"190":16,"191":16,"192":16,"193":16,"194":16,"195":16,"197":16,"198":16,"199":16,"200":16,"201":16,"202":16,"204":16,"205":24,"206":16,"208":7,"209":16,"210":1,"211":1,"213":6,"214":16,"215":16,"216":16,"217":16,"218":16,"220":16,"221":16,"222":16,"223":16,"224":16,"225":16,"226":16,"227":16,"245":13,"246":13,"247":13,"248":13,"249":13,"250":13,"251":13,"253":13,"254":13,"255":13,"256":13,"257":13,"258":13,"259":13,"263":13,"264":13,"266":13,"267":13,"268":13,"269":13,"270":13,"271":13,"272":13,"273":13,"274":13,"275":13,"276":13,"277":13,"278":3,"279":3,"280":1,"281":1,"282":1,"283":1,"284":1,"285":2,"286":2,"287":3,"288":3,"289":3,"291":13,"292":2,"293":2,"294":2,"295":2,"296":2,"297":2,"298":2,"300":1,"301":2,"302":2,"304":13,"305":1,"306":1,"307":1,"309":7,"310":7,"311":7,"314":7,"315":7,"316":7,"318":7,"319":13,"320":19,"321":19,"323":18,"324":18,"326":19,"328":19,"329":28,"330":28,"332":16,"333":28,"334":6,"335":6,"336":6,"338":10,"339":10,"340":10,"341":28,"343":1,"344":1,"347":9,"350":28,"351":28,"353":9,"354":9,"356":18,"357":19,"358":13,"359":7,"360":7,"361":7,"364":13,"365":2,"366":2,"367":2,"368":2,"369":2,"370":2,"371":2,"372":2,"373":2,"374":2,"375":1,"376":1,"377":1,"378":1,"379":2,"380":2,"381":13,"401":13,"402":13,"403":13,"404":13,"405":13,"406":13,"407":13,"408":13,"410":13,"411":13,"412":13,"413":13,"414":13,"415":13,"416":13,"418":13,"419":17,"420":13,"422":9,"423":13,"424":1,"425":1,"427":8,"428":13,"429":13,"430":13,"431":13,"432":13,"434":13,"435":13,"436":13,"437":13,"438":13,"439":13,"440":13,"441":13},"branchMap":{"0":{"type":"branch","line":33,"loc":{"start":{"line":33,"column":41},"end":{"line":41,"column":1}},"locations":[{"start":{"line":33,"column":41},"end":{"line":41,"column":1}}]},"1":{"type":"branch","line":34,"loc":{"start":{"line":34,"column":2},"end":{"line":40,"column":3}},"locations":[{"start":{"line":34,"column":2},"end":{"line":40,"column":3}}]},"2":{"type":"branch","line":43,"loc":{"start":{"line":43,"column":0},"end":{"line":49,"column":1}},"locations":[{"start":{"line":43,"column":0},"end":{"line":49,"column":1}}]},"3":{"type":"branch","line":45,"loc":{"start":{"line":45,"column":12},"end":{"line":47,"column":3}},"locations":[{"start":{"line":45,"column":12},"end":{"line":47,"column":3}}]},"4":{"type":"branch","line":47,"loc":{"start":{"line":47,"column":2},"end":{"line":49,"column":1}},"locations":[{"start":{"line":47,"column":2},"end":{"line":49,"column":1}}]},"5":{"type":"branch","line":64,"loc":{"start":{"line":64,"column":0},"end":{"line":111,"column":1}},"locations":[{"start":{"line":64,"column":0},"end":{"line":111,"column":1}}]},"6":{"type":"branch","line":81,"loc":{"start":{"line":81,"column":5},"end":{"line":84,"column":22}},"locations":[{"start":{"line":81,"column":5},"end":{"line":84,"column":22}}]},"7":{"type":"branch","line":84,"loc":{"start":{"line":84,"column":22},"end":{"line":93,"column":5}},"locations":[{"start":{"line":84,"column":22},"end":{"line":93,"column":5}}]},"8":{"type":"branch","line":88,"loc":{"start":{"line":88,"column":19},"end":{"line":88,"column":35}},"locations":[{"start":{"line":88,"column":19},"end":{"line":88,"column":35}}]},"9":{"type":"branch","line":88,"loc":{"start":{"line":88,"column":35},"end":{"line":88,"column":65}},"locations":[{"start":{"line":88,"column":35},"end":{"line":88,"column":65}}]},"10":{"type":"branch","line":89,"loc":{"start":{"line":89,"column":6},"end":{"line":91,"column":7}},"locations":[{"start":{"line":89,"column":6},"end":{"line":91,"column":7}}]},"11":{"type":"branch","line":93,"loc":{"start":{"line":93,"column":4},"end":{"line":96,"column":11}},"locations":[{"start":{"line":93,"column":4},"end":{"line":96,"column":11}}]},"12":{"type":"branch","line":96,"loc":{"start":{"line":96,"column":2},"end":{"line":108,"column":4}},"locations":[{"start":{"line":96,"column":2},"end":{"line":108,"column":4}}]},"13":{"type":"branch","line":97,"loc":{"start":{"line":97,"column":38},"end":{"line":97,"column":48}},"locations":[{"start":{"line":97,"column":38},"end":{"line":97,"column":48}}]},"14":{"type":"branch","line":97,"loc":{"start":{"line":97,"column":44},"end":{"line":98,"column":59}},"locations":[{"start":{"line":97,"column":44},"end":{"line":98,"column":59}}]},"15":{"type":"branch","line":98,"loc":{"start":{"line":98,"column":59},"end":{"line":103,"column":5}},"locations":[{"start":{"line":98,"column":59},"end":{"line":103,"column":5}}]},"16":{"type":"branch","line":103,"loc":{"start":{"line":103,"column":4},"end":{"line":106,"column":43}},"locations":[{"start":{"line":103,"column":4},"end":{"line":106,"column":43}}]},"17":{"type":"branch","line":106,"loc":{"start":{"line":106,"column":33},"end":{"line":106,"column":55}},"locations":[{"start":{"line":106,"column":33},"end":{"line":106,"column":55}}]},"18":{"type":"branch","line":108,"loc":{"start":{"line":108,"column":2},"end":{"line":108,"column":4}},"locations":[{"start":{"line":108,"column":2},"end":{"line":108,"column":4}}]},"19":{"type":"branch","line":117,"loc":{"start":{"line":117,"column":0},"end":{"line":136,"column":1}},"locations":[{"start":{"line":117,"column":0},"end":{"line":136,"column":1}}]},"20":{"type":"branch","line":121,"loc":{"start":{"line":121,"column":55},"end":{"line":133,"column":3}},"locations":[{"start":{"line":121,"column":55},"end":{"line":133,"column":3}}]},"21":{"type":"branch","line":124,"loc":{"start":{"line":124,"column":4},"end":{"line":132,"column":5}},"locations":[{"start":{"line":124,"column":4},"end":{"line":132,"column":5}}]},"22":{"type":"branch","line":125,"loc":{"start":{"line":125,"column":30},"end":{"line":125,"column":40}},"locations":[{"start":{"line":125,"column":30},"end":{"line":125,"column":40}}]},"23":{"type":"branch","line":125,"loc":{"start":{"line":125,"column":36},"end":{"line":126,"column":63}},"locations":[{"start":{"line":125,"column":36},"end":{"line":126,"column":63}}]},"24":{"type":"branch","line":126,"loc":{"start":{"line":126,"column":56},"end":{"line":126,"column":81}},"locations":[{"start":{"line":126,"column":56},"end":{"line":126,"column":81}}]},"25":{"type":"branch","line":126,"loc":{"start":{"line":126,"column":81},"end":{"line":130,"column":7}},"locations":[{"start":{"line":126,"column":81},"end":{"line":130,"column":7}}]},"26":{"type":"branch","line":130,"loc":{"start":{"line":130,"column":6},"end":{"line":132,"column":5}},"locations":[{"start":{"line":130,"column":6},"end":{"line":132,"column":5}}]},"27":{"type":"branch","line":133,"loc":{"start":{"line":133,"column":2},"end":{"line":136,"column":1}},"locations":[{"start":{"line":133,"column":2},"end":{"line":136,"column":1}}]},"28":{"type":"branch","line":128,"loc":{"start":{"line":128,"column":26},"end":{"line":128,"column":63}},"locations":[{"start":{"line":128,"column":26},"end":{"line":128,"column":63}}]},"29":{"type":"branch","line":142,"loc":{"start":{"line":142,"column":0},"end":{"line":170,"column":1}},"locations":[{"start":{"line":142,"column":0},"end":{"line":170,"column":1}}]},"30":{"type":"branch","line":148,"loc":{"start":{"line":148,"column":23},"end":{"line":148,"column":30}},"locations":[{"start":{"line":148,"column":23},"end":{"line":148,"column":30}}]},"31":{"type":"branch","line":148,"loc":{"start":{"line":148,"column":23},"end":{"line":170,"column":1}},"locations":[{"start":{"line":148,"column":23},"end":{"line":170,"column":1}}]},"32":{"type":"branch","line":164,"loc":{"start":{"line":164,"column":11},"end":{"line":169,"column":3}},"locations":[{"start":{"line":164,"column":11},"end":{"line":169,"column":3}}]},"33":{"type":"branch","line":167,"loc":{"start":{"line":167,"column":33},"end":{"line":167,"column":55}},"locations":[{"start":{"line":167,"column":33},"end":{"line":167,"column":55}}]},"34":{"type":"branch","line":190,"loc":{"start":{"line":190,"column":0},"end":{"line":228,"column":1}},"locations":[{"start":{"line":190,"column":0},"end":{"line":228,"column":1}}]},"35":{"type":"branch","line":194,"loc":{"start":{"line":194,"column":16},"end":{"line":194,"column":34}},"locations":[{"start":{"line":194,"column":16},"end":{"line":194,"column":34}}]},"36":{"type":"branch","line":194,"loc":{"start":{"line":194,"column":25},"end":{"line":194,"column":53}},"locations":[{"start":{"line":194,"column":25},"end":{"line":194,"column":53}}]},"37":{"type":"branch","line":195,"loc":{"start":{"line":195,"column":20},"end":{"line":195,"column":43}},"locations":[{"start":{"line":195,"column":20},"end":{"line":195,"column":43}}]},"38":{"type":"branch","line":195,"loc":{"start":{"line":195,"column":29},"end":{"line":195,"column":67}},"locations":[{"start":{"line":195,"column":29},"end":{"line":195,"column":67}}]},"39":{"type":"branch","line":202,"loc":{"start":{"line":202,"column":17},"end":{"line":202,"column":38}},"locations":[{"start":{"line":202,"column":17},"end":{"line":202,"column":38}}]},"40":{"type":"branch","line":207,"loc":{"start":{"line":207,"column":2},"end":{"line":210,"column":15}},"locations":[{"start":{"line":207,"column":2},"end":{"line":210,"column":15}}]},"41":{"type":"branch","line":210,"loc":{"start":{"line":210,"column":15},"end":{"line":212,"column":3}},"locations":[{"start":{"line":210,"column":15},"end":{"line":212,"column":3}}]},"42":{"type":"branch","line":212,"loc":{"start":{"line":212,"column":2},"end":{"line":215,"column":13}},"locations":[{"start":{"line":212,"column":2},"end":{"line":215,"column":13}}]},"43":{"type":"branch","line":215,"loc":{"start":{"line":215,"column":4},"end":{"line":215,"column":28}},"locations":[{"start":{"line":215,"column":4},"end":{"line":215,"column":28}}]},"44":{"type":"branch","line":205,"loc":{"start":{"line":205,"column":31},"end":{"line":206,"column":71}},"locations":[{"start":{"line":205,"column":31},"end":{"line":206,"column":71}}]},"45":{"type":"branch","line":246,"loc":{"start":{"line":246,"column":0},"end":{"line":382,"column":1}},"locations":[{"start":{"line":246,"column":0},"end":{"line":382,"column":1}}]},"46":{"type":"branch","line":250,"loc":{"start":{"line":250,"column":16},"end":{"line":250,"column":34}},"locations":[{"start":{"line":250,"column":16},"end":{"line":250,"column":34}}]},"47":{"type":"branch","line":250,"loc":{"start":{"line":250,"column":25},"end":{"line":250,"column":53}},"locations":[{"start":{"line":250,"column":25},"end":{"line":250,"column":53}}]},"48":{"type":"branch","line":251,"loc":{"start":{"line":251,"column":20},"end":{"line":251,"column":43}},"locations":[{"start":{"line":251,"column":20},"end":{"line":251,"column":43}}]},"49":{"type":"branch","line":251,"loc":{"start":{"line":251,"column":29},"end":{"line":251,"column":67}},"locations":[{"start":{"line":251,"column":29},"end":{"line":251,"column":67}}]},"50":{"type":"branch","line":258,"loc":{"start":{"line":258,"column":17},"end":{"line":258,"column":38}},"locations":[{"start":{"line":258,"column":17},"end":{"line":258,"column":38}}]},"51":{"type":"branch","line":277,"loc":{"start":{"line":277,"column":5},"end":{"line":278,"column":11}},"locations":[{"start":{"line":277,"column":5},"end":{"line":278,"column":11}}]},"52":{"type":"branch","line":278,"loc":{"start":{"line":278,"column":2},"end":{"line":290,"column":3}},"locations":[{"start":{"line":278,"column":2},"end":{"line":290,"column":3}}]},"53":{"type":"branch","line":280,"loc":{"start":{"line":280,"column":59},"end":{"line":285,"column":5}},"locations":[{"start":{"line":280,"column":59},"end":{"line":285,"column":5}}]},"54":{"type":"branch","line":285,"loc":{"start":{"line":285,"column":4},"end":{"line":288,"column":43}},"locations":[{"start":{"line":285,"column":4},"end":{"line":288,"column":43}}]},"55":{"type":"branch","line":288,"loc":{"start":{"line":288,"column":33},"end":{"line":288,"column":55}},"locations":[{"start":{"line":288,"column":33},"end":{"line":288,"column":55}}]},"56":{"type":"branch","line":290,"loc":{"start":{"line":290,"column":2},"end":{"line":292,"column":20}},"locations":[{"start":{"line":290,"column":2},"end":{"line":292,"column":20}}]},"57":{"type":"branch","line":292,"loc":{"start":{"line":292,"column":20},"end":{"line":303,"column":3}},"locations":[{"start":{"line":292,"column":20},"end":{"line":303,"column":3}}]},"58":{"type":"branch","line":298,"loc":{"start":{"line":298,"column":17},"end":{"line":298,"column":33}},"locations":[{"start":{"line":298,"column":17},"end":{"line":298,"column":33}}]},"59":{"type":"branch","line":298,"loc":{"start":{"line":298,"column":33},"end":{"line":298,"column":63}},"locations":[{"start":{"line":298,"column":33},"end":{"line":298,"column":63}}]},"60":{"type":"branch","line":299,"loc":{"start":{"line":299,"column":4},"end":{"line":301,"column":5}},"locations":[{"start":{"line":299,"column":4},"end":{"line":301,"column":5}}]},"61":{"type":"branch","line":303,"loc":{"start":{"line":303,"column":2},"end":{"line":305,"column":22}},"locations":[{"start":{"line":303,"column":2},"end":{"line":305,"column":22}}]},"62":{"type":"branch","line":305,"loc":{"start":{"line":305,"column":22},"end":{"line":308,"column":3}},"locations":[{"start":{"line":305,"column":22},"end":{"line":308,"column":3}}]},"63":{"type":"branch","line":308,"loc":{"start":{"line":308,"column":2},"end":{"line":320,"column":17}},"locations":[{"start":{"line":308,"column":2},"end":{"line":320,"column":17}}]},"64":{"type":"branch","line":320,"loc":{"start":{"line":320,"column":17},"end":{"line":358,"column":5}},"locations":[{"start":{"line":320,"column":17},"end":{"line":358,"column":5}}]},"65":{"type":"branch","line":322,"loc":{"start":{"line":322,"column":16},"end":{"line":322,"column":22}},"locations":[{"start":{"line":322,"column":16},"end":{"line":322,"column":22}}]},"66":{"type":"branch","line":322,"loc":{"start":{"line":322,"column":16},"end":{"line":327,"column":30}},"locations":[{"start":{"line":322,"column":16},"end":{"line":327,"column":30}}]},"67":{"type":"branch","line":327,"loc":{"start":{"line":327,"column":25},"end":{"line":327,"column":33}},"locations":[{"start":{"line":327,"column":25},"end":{"line":327,"column":33}}]},"68":{"type":"branch","line":329,"loc":{"start":{"line":329,"column":32},"end":{"line":355,"column":7}},"locations":[{"start":{"line":329,"column":32},"end":{"line":355,"column":7}}]},"69":{"type":"branch","line":331,"loc":{"start":{"line":331,"column":13},"end":{"line":331,"column":54}},"locations":[{"start":{"line":331,"column":13},"end":{"line":331,"column":54}}]},"70":{"type":"branch","line":331,"loc":{"start":{"line":331,"column":54},"end":{"line":331,"column":63}},"locations":[{"start":{"line":331,"column":54},"end":{"line":331,"column":63}}]},"71":{"type":"branch","line":331,"loc":{"start":{"line":331,"column":54},"end":{"line":334,"column":31}},"locations":[{"start":{"line":331,"column":54},"end":{"line":334,"column":31}}]},"72":{"type":"branch","line":334,"loc":{"start":{"line":334,"column":31},"end":{"line":337,"column":9}},"locations":[{"start":{"line":334,"column":31},"end":{"line":337,"column":9}}]},"73":{"type":"branch","line":337,"loc":{"start":{"line":337,"column":8},"end":{"line":342,"column":16}},"locations":[{"start":{"line":337,"column":8},"end":{"line":342,"column":16}}]},"74":{"type":"branch","line":342,"loc":{"start":{"line":342,"column":8},"end":{"line":345,"column":9}},"locations":[{"start":{"line":342,"column":8},"end":{"line":345,"column":9}}]},"75":{"type":"branch","line":345,"loc":{"start":{"line":345,"column":8},"end":{"line":351,"column":19}},"locations":[{"start":{"line":345,"column":8},"end":{"line":351,"column":19}}]},"76":{"type":"branch","line":351,"loc":{"start":{"line":351,"column":12},"end":{"line":351,"column":34}},"locations":[{"start":{"line":351,"column":12},"end":{"line":351,"column":34}}]},"77":{"type":"branch","line":351,"loc":{"start":{"line":351,"column":34},"end":{"line":351,"column":69}},"locations":[{"start":{"line":351,"column":34},"end":{"line":351,"column":69}}]},"78":{"type":"branch","line":351,"loc":{"start":{"line":351,"column":55},"end":{"line":352,"column":19}},"locations":[{"start":{"line":351,"column":55},"end":{"line":352,"column":19}}]},"79":{"type":"branch","line":352,"loc":{"start":{"line":352,"column":12},"end":{"line":352,"column":38}},"locations":[{"start":{"line":352,"column":12},"end":{"line":352,"column":38}}]},"80":{"type":"branch","line":352,"loc":{"start":{"line":352,"column":38},"end":{"line":352,"column":81}},"locations":[{"start":{"line":352,"column":38},"end":{"line":352,"column":81}}]},"81":{"type":"branch","line":352,"loc":{"start":{"line":352,"column":63},"end":{"line":355,"column":7}},"locations":[{"start":{"line":352,"column":63},"end":{"line":355,"column":7}}]},"82":{"type":"branch","line":355,"loc":{"start":{"line":355,"column":6},"end":{"line":357,"column":28}},"locations":[{"start":{"line":355,"column":6},"end":{"line":357,"column":28}}]},"83":{"type":"branch","line":357,"loc":{"start":{"line":357,"column":22},"end":{"line":357,"column":28}},"locations":[{"start":{"line":357,"column":22},"end":{"line":357,"column":28}}]},"84":{"type":"branch","line":359,"loc":{"start":{"line":359,"column":2},"end":{"line":365,"column":26}},"locations":[{"start":{"line":359,"column":2},"end":{"line":365,"column":26}}]},"85":{"type":"branch","line":365,"loc":{"start":{"line":365,"column":21},"end":{"line":365,"column":48}},"locations":[{"start":{"line":365,"column":21},"end":{"line":365,"column":48}}]},"86":{"type":"branch","line":365,"loc":{"start":{"line":365,"column":48},"end":{"line":381,"column":3}},"locations":[{"start":{"line":365,"column":48},"end":{"line":381,"column":3}}]},"87":{"type":"branch","line":375,"loc":{"start":{"line":375,"column":13},"end":{"line":380,"column":5}},"locations":[{"start":{"line":375,"column":13},"end":{"line":380,"column":5}}]},"88":{"type":"branch","line":378,"loc":{"start":{"line":378,"column":35},"end":{"line":378,"column":57}},"locations":[{"start":{"line":378,"column":35},"end":{"line":378,"column":57}}]},"89":{"type":"branch","line":402,"loc":{"start":{"line":402,"column":0},"end":{"line":442,"column":1}},"locations":[{"start":{"line":402,"column":0},"end":{"line":442,"column":1}}]},"90":{"type":"branch","line":407,"loc":{"start":{"line":407,"column":16},"end":{"line":407,"column":34}},"locations":[{"start":{"line":407,"column":16},"end":{"line":407,"column":34}}]},"91":{"type":"branch","line":407,"loc":{"start":{"line":407,"column":25},"end":{"line":407,"column":57}},"locations":[{"start":{"line":407,"column":25},"end":{"line":407,"column":57}}]},"92":{"type":"branch","line":408,"loc":{"start":{"line":408,"column":20},"end":{"line":408,"column":43}},"locations":[{"start":{"line":408,"column":20},"end":{"line":408,"column":43}}]},"93":{"type":"branch","line":408,"loc":{"start":{"line":408,"column":29},"end":{"line":408,"column":71}},"locations":[{"start":{"line":408,"column":29},"end":{"line":408,"column":71}}]},"94":{"type":"branch","line":415,"loc":{"start":{"line":415,"column":17},"end":{"line":415,"column":38}},"locations":[{"start":{"line":415,"column":17},"end":{"line":415,"column":38}}]},"95":{"type":"branch","line":416,"loc":{"start":{"line":416,"column":8},"end":{"line":416,"column":36}},"locations":[{"start":{"line":416,"column":8},"end":{"line":416,"column":36}}]},"96":{"type":"branch","line":416,"loc":{"start":{"line":416,"column":32},"end":{"line":416,"column":48}},"locations":[{"start":{"line":416,"column":32},"end":{"line":416,"column":48}}]},"97":{"type":"branch","line":416,"loc":{"start":{"line":416,"column":44},"end":{"line":416,"column":52}},"locations":[{"start":{"line":416,"column":44},"end":{"line":416,"column":52}}]},"98":{"type":"branch","line":421,"loc":{"start":{"line":421,"column":2},"end":{"line":424,"column":15}},"locations":[{"start":{"line":421,"column":2},"end":{"line":424,"column":15}}]},"99":{"type":"branch","line":424,"loc":{"start":{"line":424,"column":15},"end":{"line":426,"column":3}},"locations":[{"start":{"line":424,"column":15},"end":{"line":426,"column":3}}]},"100":{"type":"branch","line":426,"loc":{"start":{"line":426,"column":2},"end":{"line":429,"column":13}},"locations":[{"start":{"line":426,"column":2},"end":{"line":429,"column":13}}]},"101":{"type":"branch","line":429,"loc":{"start":{"line":429,"column":4},"end":{"line":429,"column":28}},"locations":[{"start":{"line":429,"column":4},"end":{"line":429,"column":28}}]},"102":{"type":"branch","line":419,"loc":{"start":{"line":419,"column":31},"end":{"line":420,"column":79}},"locations":[{"start":{"line":419,"column":31},"end":{"line":420,"column":79}}]}},"b":{"0":[36],"1":[36],"2":[54],"3":[6],"4":[48],"5":[41],"6":[25],"7":[9],"8":[7],"9":[7],"10":[2],"11":[16],"12":[25],"13":[15],"14":[10],"15":[4],"16":[6],"17":[0],"18":[0],"19":[29],"20":[41],"21":[25],"22":[10],"23":[15],"24":[12],"25":[12],"26":[3],"27":[12],"28":[12],"29":[14],"30":[11],"31":[3],"32":[1],"33":[0],"34":[16],"35":[4],"36":[15],"37":[4],"38":[15],"39":[4],"40":[7],"41":[1],"42":[6],"43":[4],"44":[24],"45":[13],"46":[1],"47":[12],"48":[1],"49":[12],"50":[1],"51":[10],"52":[3],"53":[1],"54":[2],"55":[0],"56":[10],"57":[2],"58":[1],"59":[1],"60":[1],"61":[8],"62":[1],"63":[7],"64":[19],"65":[1],"66":[18],"67":[0],"68":[28],"69":[17],"70":[12],"71":[16],"72":[6],"73":[10],"74":[1],"75":[9],"76":[2],"77":[2],"78":[9],"79":[2],"80":[2],"81":[9],"82":[18],"83":[6],"84":[7],"85":[5],"86":[2],"87":[1],"88":[0],"89":[13],"90":[2],"91":[12],"92":[2],"93":[12],"94":[2],"95":[2],"96":[1],"97":[12],"98":[9],"99":[1],"100":[8],"101":[2],"102":[17]},"fnMap":{"0":{"name":"<instance_members_initializer>","decl":{"start":{"line":33,"column":41},"end":{"line":41,"column":1}},"loc":{"start":{"line":33,"column":41},"end":{"line":41,"column":1}},"line":33},"1":{"name":"DeepSeekError","decl":{"start":{"line":34,"column":2},"end":{"line":40,"column":3}},"loc":{"start":{"line":34,"column":2},"end":{"line":40,"column":3}},"line":34},"2":{"name":"apiKey","decl":{"start":{"line":43,"column":0},"end":{"line":49,"column":1}},"loc":{"start":{"line":43,"column":0},"end":{"line":49,"column":1}},"line":43},"3":{"name":"request","decl":{"start":{"line":64,"column":0},"end":{"line":111,"column":1}},"loc":{"start":{"line":64,"column":0},"end":{"line":111,"column":1}},"line":64},"4":{"name":"withRetry","decl":{"start":{"line":117,"column":0},"end":{"line":136,"column":1}},"loc":{"start":{"line":117,"column":0},"end":{"line":136,"column":1}},"line":117},"5":{"name":"recordCost","decl":{"start":{"line":142,"column":0},"end":{"line":170,"column":1}},"loc":{"start":{"line":142,"column":0},"end":{"line":170,"column":1}},"line":142},"6":{"name":"deepseekChat","decl":{"start":{"line":190,"column":0},"end":{"line":228,"column":1}},"loc":{"start":{"line":190,"column":0},"end":{"line":228,"column":1}},"line":190},"7":{"name":"deepseekChatStream","decl":{"start":{"line":246,"column":0},"end":{"line":382,"column":1}},"loc":{"start":{"line":246,"column":0},"end":{"line":382,"column":1}},"line":246},"8":{"name":"deepseekReasoner","decl":{"start":{"line":402,"column":0},"end":{"line":442,"column":1}},"loc":{"start":{"line":402,"column":0},"end":{"line":442,"column":1}},"line":402}},"f":{"0":36,"1":36,"2":54,"3":41,"4":29,"5":14,"6":16,"7":13,"8":13}}
,"/Volumes/Ext2TB/Projects/explainer-worktrees/20260806-215541-39495/test-onda1-backend-coverage/backend/src/services/pricing.ts": {"path":"/Volumes/Ext2TB/Projects/explainer-worktrees/20260806-215541-39495/test-onda1-backend-coverage/backend/src/services/pricing.ts","all":false,"statementMap":{"22":{"start":{"line":23,"column":0},"end":{"line":23,"column":43}},"23":{"start":{"line":24,"column":0},"end":{"line":24,"column":23}},"24":{"start":{"line":25,"column":0},"end":{"line":25,"column":53}},"25":{"start":{"line":26,"column":0},"end":{"line":26,"column":55}},"26":{"start":{"line":27,"column":0},"end":{"line":27,"column":53}},"27":{"start":{"line":28,"column":0},"end":{"line":28,"column":4}},"28":{"start":{"line":29,"column":0},"end":{"line":29,"column":28}},"29":{"start":{"line":30,"column":0},"end":{"line":30,"column":57}},"30":{"start":{"line":31,"column":0},"end":{"line":31,"column":55}},"31":{"start":{"line":32,"column":0},"end":{"line":32,"column":56}},"32":{"start":{"line":33,"column":0},"end":{"line":33,"column":4}},"33":{"start":{"line":34,"column":0},"end":{"line":34,"column":21}},"34":{"start":{"line":35,"column":0},"end":{"line":35,"column":53}},"35":{"start":{"line":36,"column":0},"end":{"line":36,"column":55}},"36":{"start":{"line":37,"column":0},"end":{"line":37,"column":4}},"37":{"start":{"line":38,"column":0},"end":{"line":38,"column":19}},"38":{"start":{"line":39,"column":0},"end":{"line":39,"column":53}},"39":{"start":{"line":40,"column":0},"end":{"line":40,"column":55}},"40":{"start":{"line":41,"column":0},"end":{"line":41,"column":4}},"41":{"start":{"line":42,"column":0},"end":{"line":42,"column":24}},"42":{"start":{"line":43,"column":0},"end":{"line":43,"column":57}},"43":{"start":{"line":44,"column":0},"end":{"line":44,"column":55}},"44":{"start":{"line":45,"column":0},"end":{"line":45,"column":4}},"45":{"start":{"line":46,"column":0},"end":{"line":46,"column":71}},"46":{"start":{"line":47,"column":0},"end":{"line":47,"column":77}},"47":{"start":{"line":48,"column":0},"end":{"line":48,"column":2}},"50":{"start":{"line":51,"column":0},"end":{"line":51,"column":40}},"53":{"start":{"line":54,"column":0},"end":{"line":54,"column":60}},"54":{"start":{"line":55,"column":0},"end":{"line":55,"column":40}},"55":{"start":{"line":56,"column":0},"end":{"line":56,"column":56}},"56":{"start":{"line":57,"column":0},"end":{"line":57,"column":29}},"57":{"start":{"line":58,"column":0},"end":{"line":58,"column":1}},"93":{"start":{"line":94,"column":0},"end":{"line":94,"column":76}},"103":{"start":{"line":104,"column":0},"end":{"line":104,"column":38}},"104":{"start":{"line":105,"column":0},"end":{"line":105,"column":16}},"105":{"start":{"line":106,"column":0},"end":{"line":106,"column":23}},"106":{"start":{"line":107,"column":0},"end":{"line":107,"column":16}},"107":{"start":{"line":108,"column":0},"end":{"line":108,"column":32}},"108":{"start":{"line":109,"column":0},"end":{"line":109,"column":48}},"109":{"start":{"line":110,"column":0},"end":{"line":110,"column":50}},"110":{"start":{"line":111,"column":0},"end":{"line":111,"column":51}},"112":{"start":{"line":113,"column":0},"end":{"line":113,"column":45}},"113":{"start":{"line":114,"column":0},"end":{"line":114,"column":47}},"114":{"start":{"line":115,"column":0},"end":{"line":115,"column":47}},"116":{"start":{"line":117,"column":0},"end":{"line":117,"column":71}},"117":{"start":{"line":118,"column":0},"end":{"line":118,"column":74}},"118":{"start":{"line":119,"column":0},"end":{"line":119,"column":74}},"120":{"start":{"line":121,"column":0},"end":{"line":121,"column":32}},"121":{"start":{"line":122,"column":0},"end":{"line":122,"column":11}},"122":{"start":{"line":123,"column":0},"end":{"line":123,"column":42}},"123":{"start":{"line":124,"column":0},"end":{"line":124,"column":44}},"124":{"start":{"line":125,"column":0},"end":{"line":125,"column":73}},"125":{"start":{"line":126,"column":0},"end":{"line":126,"column":81}},"126":{"start":{"line":127,"column":0},"end":{"line":127,"column":4}},"128":{"start":{"line":129,"column":0},"end":{"line":129,"column":77}},"130":{"start":{"line":131,"column":0},"end":{"line":131,"column":15}},"131":{"start":{"line":132,"column":0},"end":{"line":132,"column":40}},"132":{"start":{"line":133,"column":0},"end":{"line":133,"column":47}},"133":{"start":{"line":134,"column":0},"end":{"line":134,"column":55}},"134":{"start":{"line":135,"column":0},"end":{"line":135,"column":16}},"135":{"start":{"line":136,"column":0},"end":{"line":136,"column":46}},"136":{"start":{"line":137,"column":0},"end":{"line":137,"column":53}},"137":{"start":{"line":138,"column":0},"end":{"line":138,"column":59}},"138":{"start":{"line":139,"column":0},"end":{"line":139,"column":12}},"139":{"start":{"line":140,"column":0},"end":{"line":140,"column":16}},"140":{"start":{"line":141,"column":0},"end":{"line":141,"column":46}},"141":{"start":{"line":142,"column":0},"end":{"line":142,"column":51}},"142":{"start":{"line":143,"column":0},"end":{"line":143,"column":11}},"144":{"start":{"line":145,"column":0},"end":{"line":145,"column":17}},"145":{"start":{"line":146,"column":0},"end":{"line":146,"column":1}},"157":{"start":{"line":158,"column":0},"end":{"line":158,"column":76}},"158":{"start":{"line":159,"column":0},"end":{"line":159,"column":32}},"159":{"start":{"line":160,"column":0},"end":{"line":160,"column":23}},"161":{"start":{"line":162,"column":0},"end":{"line":162,"column":64}},"162":{"start":{"line":163,"column":0},"end":{"line":163,"column":64}},"164":{"start":{"line":165,"column":0},"end":{"line":165,"column":10}},"165":{"start":{"line":166,"column":0},"end":{"line":166,"column":36}},"166":{"start":{"line":167,"column":0},"end":{"line":167,"column":43}},"167":{"start":{"line":168,"column":0},"end":{"line":168,"column":54}},"169":{"start":{"line":170,"column":0},"end":{"line":170,"column":1}},"179":{"start":{"line":180,"column":0},"end":{"line":180,"column":52}},"180":{"start":{"line":181,"column":0},"end":{"line":181,"column":77}},"181":{"start":{"line":182,"column":0},"end":{"line":182,"column":82}},"182":{"start":{"line":183,"column":0},"end":{"line":183,"column":2}},"185":{"start":{"line":186,"column":0},"end":{"line":186,"column":37}}},"s":{"22":1,"23":1,"24":1,"25":1,"26":1,"27":1,"28":1,"29":1,"30":1,"31":1,"32":1,"33":1,"34":1,"35":1,"36":1,"37":1,"38":1,"39":1,"40":1,"41":1,"42":1,"43":1,"44":1,"45":1,"46":1,"47":1,"50":1,"53":1,"54":34,"55":5,"56":25,"57":34,"93":1,"103":1,"104":10,"105":10,"106":10,"107":10,"108":10,"109":10,"110":10,"112":10,"113":10,"114":10,"116":10,"117":10,"118":10,"120":10,"121":10,"122":10,"123":10,"124":10,"125":10,"126":10,"128":10,"130":9,"131":9,"132":9,"133":10,"134":10,"135":8,"136":8,"137":8,"138":1,"139":10,"140":7,"141":7,"142":2,"144":10,"145":10,"157":1,"158":16,"159":16,"161":16,"162":16,"164":16,"165":16,"166":16,"167":16,"169":16,"179":1,"180":1,"181":1,"182":1,"185":1},"branchMap":{"0":{"type":"branch","line":54,"loc":{"start":{"line":54,"column":7},"end":{"line":58,"column":1}},"locations":[{"start":{"line":54,"column":7},"end":{"line":58,"column":1}}]},"1":{"type":"branch","line":55,"loc":{"start":{"line":55,"column":20},"end":{"line":55,"column":40}},"locations":[{"start":{"line":55,"column":20},"end":{"line":55,"column":40}}]},"2":{"type":"branch","line":55,"loc":{"start":{"line":55,"column":38},"end":{"line":57,"column":29}},"locations":[{"start":{"line":55,"column":38},"end":{"line":57,"column":29}}]},"3":{"type":"branch","line":55,"loc":{"start":{"line":55,"column":38},"end":{"line":57,"column":24}},"locations":[{"start":{"line":55,"column":38},"end":{"line":57,"column":24}}]},"4":{"type":"branch","line":57,"loc":{"start":{"line":57,"column":19},"end":{"line":57,"column":29}},"locations":[{"start":{"line":57,"column":19},"end":{"line":57,"column":29}}]},"5":{"type":"branch","line":94,"loc":{"start":{"line":94,"column":14},"end":{"line":94,"column":76}},"locations":[{"start":{"line":94,"column":14},"end":{"line":94,"column":76}}]},"6":{"type":"branch","line":104,"loc":{"start":{"line":104,"column":7},"end":{"line":146,"column":1}},"locations":[{"start":{"line":104,"column":7},"end":{"line":146,"column":1}}]},"7":{"type":"branch","line":109,"loc":{"start":{"line":109,"column":22},"end":{"line":109,"column":48}},"locations":[{"start":{"line":109,"column":22},"end":{"line":109,"column":48}}]},"8":{"type":"branch","line":110,"loc":{"start":{"line":110,"column":23},"end":{"line":110,"column":50}},"locations":[{"start":{"line":110,"column":23},"end":{"line":110,"column":50}}]},"9":{"type":"branch","line":111,"loc":{"start":{"line":111,"column":23},"end":{"line":111,"column":51}},"locations":[{"start":{"line":111,"column":23},"end":{"line":111,"column":51}}]},"10":{"type":"branch","line":113,"loc":{"start":{"line":113,"column":28},"end":{"line":113,"column":45}},"locations":[{"start":{"line":113,"column":28},"end":{"line":113,"column":45}}]},"11":{"type":"branch","line":115,"loc":{"start":{"line":115,"column":29},"end":{"line":115,"column":47}},"locations":[{"start":{"line":115,"column":29},"end":{"line":115,"column":47}}]},"12":{"type":"branch","line":117,"loc":{"start":{"line":117,"column":39},"end":{"line":117,"column":59}},"locations":[{"start":{"line":117,"column":39},"end":{"line":117,"column":59}}]},"13":{"type":"branch","line":118,"loc":{"start":{"line":118,"column":40},"end":{"line":118,"column":61}},"locations":[{"start":{"line":118,"column":40},"end":{"line":118,"column":61}}]},"14":{"type":"branch","line":119,"loc":{"start":{"line":119,"column":40},"end":{"line":119,"column":61}},"locations":[{"start":{"line":119,"column":40},"end":{"line":119,"column":61}}]},"15":{"type":"branch","line":123,"loc":{"start":{"line":123,"column":24},"end":{"line":123,"column":42}},"locations":[{"start":{"line":123,"column":24},"end":{"line":123,"column":42}}]},"16":{"type":"branch","line":124,"loc":{"start":{"line":124,"column":25},"end":{"line":124,"column":44}},"locations":[{"start":{"line":124,"column":25},"end":{"line":124,"column":44}}]},"17":{"type":"branch","line":125,"loc":{"start":{"line":125,"column":25},"end":{"line":125,"column":47}},"locations":[{"start":{"line":125,"column":25},"end":{"line":125,"column":47}}]},"18":{"type":"branch","line":125,"loc":{"start":{"line":125,"column":54},"end":{"line":125,"column":73}},"locations":[{"start":{"line":125,"column":54},"end":{"line":125,"column":73}}]},"19":{"type":"branch","line":126,"loc":{"start":{"line":126,"column":25},"end":{"line":126,"column":81}},"locations":[{"start":{"line":126,"column":25},"end":{"line":126,"column":81}}]},"20":{"type":"branch","line":129,"loc":{"start":{"line":129,"column":14},"end":{"line":129,"column":77}},"locations":[{"start":{"line":129,"column":14},"end":{"line":129,"column":77}}]},"21":{"type":"branch","line":129,"loc":{"start":{"line":129,"column":21},"end":{"line":134,"column":32}},"locations":[{"start":{"line":129,"column":21},"end":{"line":134,"column":32}}]},"22":{"type":"branch","line":134,"loc":{"start":{"line":134,"column":17},"end":{"line":134,"column":35}},"locations":[{"start":{"line":134,"column":17},"end":{"line":134,"column":35}}]},"23":{"type":"branch","line":135,"loc":{"start":{"line":135,"column":11},"end":{"line":138,"column":59}},"locations":[{"start":{"line":135,"column":11},"end":{"line":138,"column":59}}]},"24":{"type":"branch","line":138,"loc":{"start":{"line":138,"column":21},"end":{"line":138,"column":40}},"locations":[{"start":{"line":138,"column":21},"end":{"line":138,"column":40}}]},"25":{"type":"branch","line":138,"loc":{"start":{"line":138,"column":58},"end":{"line":139,"column":12}},"locations":[{"start":{"line":138,"column":58},"end":{"line":139,"column":12}}]},"26":{"type":"branch","line":140,"loc":{"start":{"line":140,"column":11},"end":{"line":142,"column":51}},"locations":[{"start":{"line":140,"column":11},"end":{"line":142,"column":51}}]},"27":{"type":"branch","line":142,"loc":{"start":{"line":142,"column":50},"end":{"line":143,"column":11}},"locations":[{"start":{"line":142,"column":50},"end":{"line":143,"column":11}}]},"28":{"type":"branch","line":158,"loc":{"start":{"line":158,"column":7},"end":{"line":170,"column":1}},"locations":[{"start":{"line":158,"column":7},"end":{"line":170,"column":1}}]},"29":{"type":"branch","line":160,"loc":{"start":{"line":160,"column":14},"end":{"line":160,"column":23}},"locations":[{"start":{"line":160,"column":14},"end":{"line":160,"column":23}}]},"30":{"type":"branch","line":160,"loc":{"start":{"line":160,"column":21},"end":{"line":162,"column":45}},"locations":[{"start":{"line":160,"column":21},"end":{"line":162,"column":45}}]},"31":{"type":"branch","line":162,"loc":{"start":{"line":162,"column":23},"end":{"line":162,"column":62}},"locations":[{"start":{"line":162,"column":23},"end":{"line":162,"column":62}}]},"32":{"type":"branch","line":162,"loc":{"start":{"line":162,"column":45},"end":{"line":162,"column":64}},"locations":[{"start":{"line":162,"column":45},"end":{"line":162,"column":64}}]},"33":{"type":"branch","line":163,"loc":{"start":{"line":163,"column":35},"end":{"line":163,"column":56}},"locations":[{"start":{"line":163,"column":35},"end":{"line":163,"column":56}}]},"34":{"type":"branch","line":168,"loc":{"start":{"line":168,"column":16},"end":{"line":168,"column":36}},"locations":[{"start":{"line":168,"column":16},"end":{"line":168,"column":36}}]}},"b":{"0":[34],"1":[29],"2":[25],"3":[5],"4":[4],"5":[107],"6":[10],"7":[2],"8":[7],"9":[7],"10":[8],"11":[9],"12":[5],"13":[8],"14":[7],"15":[2],"16":[7],"17":[8],"18":[8],"19":[7],"20":[1],"21":[9],"22":[8],"23":[8],"24":[6],"25":[1],"26":[7],"27":[2],"28":[16],"29":[2],"30":[14],"31":[3],"32":[11],"33":[1],"34":[2]},"fnMap":{"0":{"name":"ratesFor","decl":{"start":{"line":54,"column":7},"end":{"line":58,"column":1}},"loc":{"start":{"line":54,"column":7},"end":{"line":58,"column":1}},"line":54},"1":{"name":"per1M","decl":{"start":{"line":94,"column":14},"end":{"line":94,"column":76}},"loc":{"start":{"line":94,"column":14},"end":{"line":94,"column":76}},"line":94},"2":{"name":"priceRealtimeResponse","decl":{"start":{"line":104,"column":7},"end":{"line":146,"column":1}},"loc":{"start":{"line":104,"column":7},"end":{"line":146,"column":1}},"line":104},"3":{"name":"priceTextResponse","decl":{"start":{"line":158,"column":7},"end":{"line":170,"column":1}},"loc":{"start":{"line":158,"column":7},"end":{"line":170,"column":1}},"line":158}},"f":{"0":34,"1":107,"2":10,"3":16}}
}
